22:12:312:312[main]DEBUGorg.apache.poi.openxml4j.opc.PackageRelationshipCollection-Parsing relationship: /xl/_rels/workbook.xml.rels
22:12:312:312[main]DEBUGorg.apache.poi.openxml4j.opc.PackageRelationshipCollection-Parsing relationship: /xl/worksheets/_rels/sheet1.xml.rels
22:12:327:327[main]DEBUGorg.apache.poi.openxml4j.opc.PackageRelationshipCollection-Parsing relationship: /_rels/.rels
22:12:392:392[main]DEBUGorg.apache.poi.openxml4j.opc.PackageRelationshipCollection-Parsing relationship: /xl/_rels/workbook.xml.rels
22:12:392:392[main]DEBUGorg.apache.poi.openxml4j.opc.PackageRelationshipCollection-Parsing relationship: /xl/worksheets/_rels/sheet1.xml.rels
22:12:392:392[main]DEBUGorg.apache.poi.openxml4j.opc.PackageRelationshipCollection-Parsing relationship: /_rels/.rels
22:12:458:458[main]DEBUGorg.apache.poi.openxml4j.opc.PackageRelationshipCollection-Parsing relationship: /xl/_rels/workbook.xml.rels
22:12:458:458[main]DEBUGorg.apache.poi.openxml4j.opc.PackageRelationshipCollection-Parsing relationship: /xl/worksheets/_rels/sheet1.xml.rels
22:12:458:458[main]DEBUGorg.apache.poi.openxml4j.opc.PackageRelationshipCollection-Parsing relationship: /_rels/.rels
22:12:508:508[main]DEBUGorg.apache.poi.openxml4j.opc.PackageRelationshipCollection-Parsing relationship: /xl/_rels/workbook.xml.rels
22:12:508:508[main]DEBUGorg.apache.poi.openxml4j.opc.PackageRelationshipCollection-Parsing relationship: /xl/worksheets/_rels/sheet1.xml.rels
22:12:508:508[main]DEBUGorg.apache.poi.openxml4j.opc.PackageRelationshipCollection-Parsing relationship: /_rels/.rels
22:12:566:566[main]DEBUGorg.apache.poi.openxml4j.opc.PackageRelationshipCollection-Parsing relationship: /xl/_rels/workbook.xml.rels
22:12:566:566[main]DEBUGorg.apache.poi.openxml4j.opc.PackageRelationshipCollection-Parsing relationship: /xl/worksheets/_rels/sheet1.xml.rels
22:12:566:566[main]DEBUGorg.apache.poi.openxml4j.opc.PackageRelationshipCollection-Parsing relationship: /_rels/.rels
22:12:608:608[main]DEBUGorg.apache.poi.openxml4j.opc.PackageRelationshipCollection-Parsing relationship: /xl/_rels/workbook.xml.rels
22:12:608:608[main]DEBUGorg.apache.poi.openxml4j.opc.PackageRelationshipCollection-Parsing relationship: /xl/worksheets/_rels/sheet1.xml.rels
22:12:608:608[main]DEBUGorg.apache.poi.openxml4j.opc.PackageRelationshipCollection-Parsing relationship: /_rels/.rels
22:12:661:661[main]DEBUGorg.apache.poi.openxml4j.opc.PackageRelationshipCollection-Parsing relationship: /xl/_rels/workbook.xml.rels
22:12:663:663[main]DEBUGorg.apache.poi.openxml4j.opc.PackageRelationshipCollection-Parsing relationship: /xl/worksheets/_rels/sheet1.xml.rels
22:12:665:665[main]DEBUGorg.apache.poi.openxml4j.opc.PackageRelationshipCollection-Parsing relationship: /_rels/.rels
22:12:699:699[main]DEBUGorg.apache.poi.openxml4j.opc.PackageRelationshipCollection-Parsing relationship: /xl/_rels/workbook.xml.rels
22:12:699:699[main]DEBUGorg.apache.poi.openxml4j.opc.PackageRelationshipCollection-Parsing relationship: /xl/worksheets/_rels/sheet1.xml.rels
22:12:699:699[main]DEBUGorg.apache.poi.openxml4j.opc.PackageRelationshipCollection-Parsing relationship: /_rels/.rels
22:12:751:751[main]DEBUGorg.apache.poi.openxml4j.opc.PackageRelationshipCollection-Parsing relationship: /xl/_rels/workbook.xml.rels
22:12:752:752[main]DEBUGorg.apache.poi.openxml4j.opc.PackageRelationshipCollection-Parsing relationship: /xl/worksheets/_rels/sheet1.xml.rels
22:12:752:752[main]DEBUGorg.apache.poi.openxml4j.opc.PackageRelationshipCollection-Parsing relationship: /_rels/.rels
22:12:804:804[main]DEBUGorg.apache.poi.openxml4j.opc.PackageRelationshipCollection-Parsing relationship: /xl/_rels/workbook.xml.rels
22:12:806:806[main]DEBUGorg.apache.poi.openxml4j.opc.PackageRelationshipCollection-Parsing relationship: /xl/worksheets/_rels/sheet1.xml.rels
22:12:808:808[main]DEBUGorg.apache.poi.openxml4j.opc.PackageRelationshipCollection-Parsing relationship: /_rels/.rels
22:12:846:846[main]DEBUGorg.apache.poi.openxml4j.opc.PackageRelationshipCollection-Parsing relationship: /xl/_rels/workbook.xml.rels
22:12:847:847[main]DEBUGorg.apache.poi.openxml4j.opc.PackageRelationshipCollection-Parsing relationship: /xl/worksheets/_rels/sheet1.xml.rels
22:12:850:850[main]DEBUGorg.apache.poi.openxml4j.opc.PackageRelationshipCollection-Parsing relationship: /_rels/.rels
22:12:884:884[main]DEBUGorg.apache.poi.openxml4j.opc.PackageRelationshipCollection-Parsing relationship: /xl/_rels/workbook.xml.rels
22:12:886:886[main]DEBUGorg.apache.poi.openxml4j.opc.PackageRelationshipCollection-Parsing relationship: /xl/worksheets/_rels/sheet1.xml.rels
22:12:888:888[main]DEBUGorg.apache.poi.openxml4j.opc.PackageRelationshipCollection-Parsing relationship: /_rels/.rels
22:12:930:930[main]DEBUGorg.apache.poi.openxml4j.opc.PackageRelationshipCollection-Parsing relationship: /xl/_rels/workbook.xml.rels
22:12:931:931[main]DEBUGorg.apache.poi.openxml4j.opc.PackageRelationshipCollection-Parsing relationship: /xl/worksheets/_rels/sheet1.xml.rels
22:12:931:931[main]DEBUGorg.apache.poi.openxml4j.opc.PackageRelationshipCollection-Parsing relationship: /_rels/.rels
22:12:970:970[main]INFO testCase.TC003_LoginDDT-*** Starting TC003_LoginDDT ***
22:12:260:260[main]INFO testCase.TC003_LoginDDT-**** Finished TC003_LoginDDT ****
22:12:293:293[main]INFO testCase.TC003_LoginDDT-*** Starting TC003_LoginDDT ***
22:12:139:139[main]INFO testCase.TC003_LoginDDT-**** Finished TC003_LoginDDT ****
22:12:139:139[main]INFO testCase.TC003_LoginDDT-*** Starting TC003_LoginDDT ***
22:12:388:388[main]INFO testCase.TC003_LoginDDT-**** Finished TC003_LoginDDT ****
22:12:388:388[main]INFO testCase.TC003_LoginDDT-*** Starting TC003_LoginDDT ***
22:12:198:198[main]INFO testCase.TC003_LoginDDT-**** Finished TC003_LoginDDT ****
08:12:928:928[main]DEBUGorg.apache.poi.openxml4j.opc.PackageRelationshipCollection-Parsing relationship: /xl/_rels/workbook.xml.rels
08:12:936:936[main]DEBUGorg.apache.poi.openxml4j.opc.PackageRelationshipCollection-Parsing relationship: /xl/worksheets/_rels/sheet1.xml.rels
08:12:939:939[main]DEBUGorg.apache.poi.openxml4j.opc.PackageRelationshipCollection-Parsing relationship: /_rels/.rels
08:12:463:463[main]DEBUGorg.apache.poi.openxml4j.opc.PackageRelationshipCollection-Parsing relationship: /xl/_rels/workbook.xml.rels
08:12:465:465[main]DEBUGorg.apache.poi.openxml4j.opc.PackageRelationshipCollection-Parsing relationship: /xl/worksheets/_rels/sheet1.xml.rels
08:12:466:466[main]DEBUGorg.apache.poi.openxml4j.opc.PackageRelationshipCollection-Parsing relationship: /_rels/.rels
08:12:498:498[main]DEBUGorg.apache.poi.openxml4j.opc.PackageRelationshipCollection-Parsing relationship: /xl/_rels/workbook.xml.rels
08:12:499:499[main]DEBUGorg.apache.poi.openxml4j.opc.PackageRelationshipCollection-Parsing relationship: /xl/worksheets/_rels/sheet1.xml.rels
08:12:500:500[main]DEBUGorg.apache.poi.openxml4j.opc.PackageRelationshipCollection-Parsing relationship: /_rels/.rels
08:12:532:532[main]DEBUGorg.apache.poi.openxml4j.opc.PackageRelationshipCollection-Parsing relationship: /xl/_rels/workbook.xml.rels
08:12:533:533[main]DEBUGorg.apache.poi.openxml4j.opc.PackageRelationshipCollection-Parsing relationship: /xl/worksheets/_rels/sheet1.xml.rels
08:12:534:534[main]DEBUGorg.apache.poi.openxml4j.opc.PackageRelationshipCollection-Parsing relationship: /_rels/.rels
08:12:557:557[main]DEBUGorg.apache.poi.openxml4j.opc.PackageRelationshipCollection-Parsing relationship: /xl/_rels/workbook.xml.rels
08:12:558:558[main]DEBUGorg.apache.poi.openxml4j.opc.PackageRelationshipCollection-Parsing relationship: /xl/worksheets/_rels/sheet1.xml.rels
08:12:559:559[main]DEBUGorg.apache.poi.openxml4j.opc.PackageRelationshipCollection-Parsing relationship: /_rels/.rels
08:12:583:583[main]DEBUGorg.apache.poi.openxml4j.opc.PackageRelationshipCollection-Parsing relationship: /xl/_rels/workbook.xml.rels
08:12:584:584[main]DEBUGorg.apache.poi.openxml4j.opc.PackageRelationshipCollection-Parsing relationship: /xl/worksheets/_rels/sheet1.xml.rels
08:12:585:585[main]DEBUGorg.apache.poi.openxml4j.opc.PackageRelationshipCollection-Parsing relationship: /_rels/.rels
08:12:605:605[main]DEBUGorg.apache.poi.openxml4j.opc.PackageRelationshipCollection-Parsing relationship: /xl/_rels/workbook.xml.rels
08:12:606:606[main]DEBUGorg.apache.poi.openxml4j.opc.PackageRelationshipCollection-Parsing relationship: /xl/worksheets/_rels/sheet1.xml.rels
08:12:608:608[main]DEBUGorg.apache.poi.openxml4j.opc.PackageRelationshipCollection-Parsing relationship: /_rels/.rels
08:12:629:629[main]DEBUGorg.apache.poi.openxml4j.opc.PackageRelationshipCollection-Parsing relationship: /xl/_rels/workbook.xml.rels
08:12:630:630[main]DEBUGorg.apache.poi.openxml4j.opc.PackageRelationshipCollection-Parsing relationship: /xl/worksheets/_rels/sheet1.xml.rels
08:12:631:631[main]DEBUGorg.apache.poi.openxml4j.opc.PackageRelationshipCollection-Parsing relationship: /_rels/.rels
08:12:650:650[main]DEBUGorg.apache.poi.openxml4j.opc.PackageRelationshipCollection-Parsing relationship: /xl/_rels/workbook.xml.rels
08:12:651:651[main]DEBUGorg.apache.poi.openxml4j.opc.PackageRelationshipCollection-Parsing relationship: /xl/worksheets/_rels/sheet1.xml.rels
08:12:652:652[main]DEBUGorg.apache.poi.openxml4j.opc.PackageRelationshipCollection-Parsing relationship: /_rels/.rels
08:12:671:671[main]DEBUGorg.apache.poi.openxml4j.opc.PackageRelationshipCollection-Parsing relationship: /xl/_rels/workbook.xml.rels
08:12:672:672[main]DEBUGorg.apache.poi.openxml4j.opc.PackageRelationshipCollection-Parsing relationship: /xl/worksheets/_rels/sheet1.xml.rels
08:12:673:673[main]DEBUGorg.apache.poi.openxml4j.opc.PackageRelationshipCollection-Parsing relationship: /_rels/.rels
08:12:690:690[main]DEBUGorg.apache.poi.openxml4j.opc.PackageRelationshipCollection-Parsing relationship: /xl/_rels/workbook.xml.rels
08:12:691:691[main]DEBUGorg.apache.poi.openxml4j.opc.PackageRelationshipCollection-Parsing relationship: /xl/worksheets/_rels/sheet1.xml.rels
08:12:692:692[main]DEBUGorg.apache.poi.openxml4j.opc.PackageRelationshipCollection-Parsing relationship: /_rels/.rels
08:12:708:708[main]DEBUGorg.apache.poi.openxml4j.opc.PackageRelationshipCollection-Parsing relationship: /xl/_rels/workbook.xml.rels
08:12:709:709[main]DEBUGorg.apache.poi.openxml4j.opc.PackageRelationshipCollection-Parsing relationship: /xl/worksheets/_rels/sheet1.xml.rels
08:12:710:710[main]DEBUGorg.apache.poi.openxml4j.opc.PackageRelationshipCollection-Parsing relationship: /_rels/.rels
08:12:733:733[main]DEBUGorg.apache.poi.openxml4j.opc.PackageRelationshipCollection-Parsing relationship: /xl/_rels/workbook.xml.rels
08:12:733:733[main]DEBUGorg.apache.poi.openxml4j.opc.PackageRelationshipCollection-Parsing relationship: /xl/worksheets/_rels/sheet1.xml.rels
08:12:734:734[main]DEBUGorg.apache.poi.openxml4j.opc.PackageRelationshipCollection-Parsing relationship: /_rels/.rels
08:12:750:750[main]DEBUGorg.apache.poi.openxml4j.opc.PackageRelationshipCollection-Parsing relationship: /xl/_rels/workbook.xml.rels
08:12:751:751[main]DEBUGorg.apache.poi.openxml4j.opc.PackageRelationshipCollection-Parsing relationship: /xl/worksheets/_rels/sheet1.xml.rels
08:12:752:752[main]DEBUGorg.apache.poi.openxml4j.opc.PackageRelationshipCollection-Parsing relationship: /_rels/.rels
08:12:406:406[main]INFO testCase.TC001_AccountRegistrationTest-**** starting TC001_AccountRegistrationTest ****
08:12:951:951[main]INFO testCase.TC001_AccountRegistrationTest-Clicked on Register Link
08:12:954:954[main]INFO testCase.TC001_AccountRegistrationTest-Providing Customer details.....
08:12:98:098[main]INFO testCase.TC001_AccountRegistrationTest-Validating expected message....
08:12:204:204[main]INFO testCase.TC001_AccountRegistrationTest-**** Finished TC001_AccountRegistrationTest ****
08:12:349:349[main]INFO testCase.TC002_LoginTest-**** starting TC002_LoginTest ****
08:12:678:678[main]INFO testCase.TC002_LoginTest-****Finished TC002_LoginTest***
08:12:594:594[main]INFO testCase.TC001_AccountRegistrationTest-**** starting TC001_AccountRegistrationTest ****
08:12:132:132[main]INFO testCase.TC001_AccountRegistrationTest-Clicked on Register Link
08:12:136:136[main]INFO testCase.TC001_AccountRegistrationTest-Providing Customer details.....
08:12:277:277[main]INFO testCase.TC001_AccountRegistrationTest-Validating expected message....
08:12:385:385[main]INFO testCase.TC001_AccountRegistrationTest-**** Finished TC001_AccountRegistrationTest ****
08:12:639:639[main]INFO testCase.TC002_LoginTest-**** starting TC002_LoginTest ****
08:12:893:893[main]INFO testCase.TC002_LoginTest-****Finished TC002_LoginTest***
08:12:331:331[TestNG-tests-1]INFO testCase.TC001_AccountRegistrationTest-**** starting TC001_AccountRegistrationTest ****
08:12:845:845[TestNG-tests-1]INFO testCase.TC001_AccountRegistrationTest-Clicked on Register Link
08:12:849:849[TestNG-tests-1]INFO testCase.TC001_AccountRegistrationTest-Providing Customer details.....
08:12:418:418[TestNG-tests-2]INFO testCase.TC001_AccountRegistrationTest-**** starting TC001_AccountRegistrationTest ****
08:12:156:156[TestNG-tests-2]INFO testCase.TC001_AccountRegistrationTest-Clicked on Register Link
08:12:157:157[TestNG-tests-2]INFO testCase.TC001_AccountRegistrationTest-Providing Customer details.....
08:12:403:403[TestNG-tests-1]INFO testCase.TC001_AccountRegistrationTest-Validating expected message....
08:12:591:591[TestNG-tests-1]INFO testCase.TC001_AccountRegistrationTest-**** Finished TC001_AccountRegistrationTest ****
08:12:749:749[TestNG-tests-2]INFO testCase.TC001_AccountRegistrationTest-Validating expected message....
08:12:835:835[TestNG-tests-2]INFO testCase.TC001_AccountRegistrationTest-**** Finished TC001_AccountRegistrationTest ****
08:12:629:629[main]DEBUGorg.apache.poi.openxml4j.opc.PackageRelationshipCollection-Parsing relationship: /xl/_rels/workbook.xml.rels
08:12:637:637[main]DEBUGorg.apache.poi.openxml4j.opc.PackageRelationshipCollection-Parsing relationship: /xl/worksheets/_rels/sheet1.xml.rels
08:12:640:640[main]DEBUGorg.apache.poi.openxml4j.opc.PackageRelationshipCollection-Parsing relationship: /_rels/.rels
08:12:255:255[main]DEBUGorg.apache.poi.openxml4j.opc.PackageRelationshipCollection-Parsing relationship: /xl/_rels/workbook.xml.rels
08:12:256:256[main]DEBUGorg.apache.poi.openxml4j.opc.PackageRelationshipCollection-Parsing relationship: /xl/worksheets/_rels/sheet1.xml.rels
08:12:257:257[main]DEBUGorg.apache.poi.openxml4j.opc.PackageRelationshipCollection-Parsing relationship: /_rels/.rels
08:12:285:285[main]DEBUGorg.apache.poi.openxml4j.opc.PackageRelationshipCollection-Parsing relationship: /xl/_rels/workbook.xml.rels
08:12:286:286[main]DEBUGorg.apache.poi.openxml4j.opc.PackageRelationshipCollection-Parsing relationship: /xl/worksheets/_rels/sheet1.xml.rels
08:12:288:288[main]DEBUGorg.apache.poi.openxml4j.opc.PackageRelationshipCollection-Parsing relationship: /_rels/.rels
08:12:323:323[main]DEBUGorg.apache.poi.openxml4j.opc.PackageRelationshipCollection-Parsing relationship: /xl/_rels/workbook.xml.rels
08:12:324:324[main]DEBUGorg.apache.poi.openxml4j.opc.PackageRelationshipCollection-Parsing relationship: /xl/worksheets/_rels/sheet1.xml.rels
08:12:325:325[main]DEBUGorg.apache.poi.openxml4j.opc.PackageRelationshipCollection-Parsing relationship: /_rels/.rels
08:12:348:348[main]DEBUGorg.apache.poi.openxml4j.opc.PackageRelationshipCollection-Parsing relationship: /xl/_rels/workbook.xml.rels
08:12:349:349[main]DEBUGorg.apache.poi.openxml4j.opc.PackageRelationshipCollection-Parsing relationship: /xl/worksheets/_rels/sheet1.xml.rels
08:12:350:350[main]DEBUGorg.apache.poi.openxml4j.opc.PackageRelationshipCollection-Parsing relationship: /_rels/.rels
08:12:373:373[main]DEBUGorg.apache.poi.openxml4j.opc.PackageRelationshipCollection-Parsing relationship: /xl/_rels/workbook.xml.rels
08:12:374:374[main]DEBUGorg.apache.poi.openxml4j.opc.PackageRelationshipCollection-Parsing relationship: /xl/worksheets/_rels/sheet1.xml.rels
08:12:375:375[main]DEBUGorg.apache.poi.openxml4j.opc.PackageRelationshipCollection-Parsing relationship: /_rels/.rels
08:12:403:403[main]DEBUGorg.apache.poi.openxml4j.opc.PackageRelationshipCollection-Parsing relationship: /xl/_rels/workbook.xml.rels
08:12:404:404[main]DEBUGorg.apache.poi.openxml4j.opc.PackageRelationshipCollection-Parsing relationship: /xl/worksheets/_rels/sheet1.xml.rels
08:12:405:405[main]DEBUGorg.apache.poi.openxml4j.opc.PackageRelationshipCollection-Parsing relationship: /_rels/.rels
08:12:425:425[main]DEBUGorg.apache.poi.openxml4j.opc.PackageRelationshipCollection-Parsing relationship: /xl/_rels/workbook.xml.rels
08:12:426:426[main]DEBUGorg.apache.poi.openxml4j.opc.PackageRelationshipCollection-Parsing relationship: /xl/worksheets/_rels/sheet1.xml.rels
08:12:428:428[main]DEBUGorg.apache.poi.openxml4j.opc.PackageRelationshipCollection-Parsing relationship: /_rels/.rels
08:12:449:449[main]DEBUGorg.apache.poi.openxml4j.opc.PackageRelationshipCollection-Parsing relationship: /xl/_rels/workbook.xml.rels
08:12:450:450[main]DEBUGorg.apache.poi.openxml4j.opc.PackageRelationshipCollection-Parsing relationship: /xl/worksheets/_rels/sheet1.xml.rels
08:12:452:452[main]DEBUGorg.apache.poi.openxml4j.opc.PackageRelationshipCollection-Parsing relationship: /_rels/.rels
08:12:473:473[main]DEBUGorg.apache.poi.openxml4j.opc.PackageRelationshipCollection-Parsing relationship: /xl/_rels/workbook.xml.rels
08:12:474:474[main]DEBUGorg.apache.poi.openxml4j.opc.PackageRelationshipCollection-Parsing relationship: /xl/worksheets/_rels/sheet1.xml.rels
08:12:475:475[main]DEBUGorg.apache.poi.openxml4j.opc.PackageRelationshipCollection-Parsing relationship: /_rels/.rels
08:12:494:494[main]DEBUGorg.apache.poi.openxml4j.opc.PackageRelationshipCollection-Parsing relationship: /xl/_rels/workbook.xml.rels
08:12:496:496[main]DEBUGorg.apache.poi.openxml4j.opc.PackageRelationshipCollection-Parsing relationship: /xl/worksheets/_rels/sheet1.xml.rels
08:12:497:497[main]DEBUGorg.apache.poi.openxml4j.opc.PackageRelationshipCollection-Parsing relationship: /_rels/.rels
08:12:520:520[main]DEBUGorg.apache.poi.openxml4j.opc.PackageRelationshipCollection-Parsing relationship: /xl/_rels/workbook.xml.rels
08:12:521:521[main]DEBUGorg.apache.poi.openxml4j.opc.PackageRelationshipCollection-Parsing relationship: /xl/worksheets/_rels/sheet1.xml.rels
08:12:522:522[main]DEBUGorg.apache.poi.openxml4j.opc.PackageRelationshipCollection-Parsing relationship: /_rels/.rels
08:12:542:542[main]DEBUGorg.apache.poi.openxml4j.opc.PackageRelationshipCollection-Parsing relationship: /xl/_rels/workbook.xml.rels
08:12:543:543[main]DEBUGorg.apache.poi.openxml4j.opc.PackageRelationshipCollection-Parsing relationship: /xl/worksheets/_rels/sheet1.xml.rels
08:12:544:544[main]DEBUGorg.apache.poi.openxml4j.opc.PackageRelationshipCollection-Parsing relationship: /_rels/.rels
08:12:564:564[main]DEBUGorg.apache.poi.openxml4j.opc.PackageRelationshipCollection-Parsing relationship: /xl/_rels/workbook.xml.rels
08:12:564:564[main]DEBUGorg.apache.poi.openxml4j.opc.PackageRelationshipCollection-Parsing relationship: /xl/worksheets/_rels/sheet1.xml.rels
08:12:565:565[main]DEBUGorg.apache.poi.openxml4j.opc.PackageRelationshipCollection-Parsing relationship: /_rels/.rels
08:12:589:589[main]INFO testCase.TC003_LoginDDT-*** Starting TC003_LoginDDT ***
08:12:286:286[main]INFO testCase.TC003_LoginDDT-**** Finished TC003_LoginDDT ****
08:12:308:308[main]INFO testCase.TC003_LoginDDT-*** Starting TC003_LoginDDT ***
08:12:600:600[main]INFO testCase.TC003_LoginDDT-**** Finished TC003_LoginDDT ****
08:12:604:604[main]INFO testCase.TC003_LoginDDT-*** Starting TC003_LoginDDT ***
08:12:742:742[main]INFO testCase.TC003_LoginDDT-**** Finished TC003_LoginDDT ****
08:12:746:746[main]INFO testCase.TC003_LoginDDT-*** Starting TC003_LoginDDT ***
08:12:353:353[main]INFO testCase.TC003_LoginDDT-**** Finished TC003_LoginDDT ****
08:12:724:724[main]INFO testCase.TC001_AccountRegistrationTest-**** starting TC001_AccountRegistrationTest ****
08:12:251:251[main]INFO testCase.TC001_AccountRegistrationTest-Clicked on Register Link
08:12:254:254[main]INFO testCase.TC001_AccountRegistrationTest-Providing Customer details.....
08:12:611:611[main]INFO testCase.TC001_AccountRegistrationTest-Validating expected message....
08:12:711:711[main]INFO testCase.TC001_AccountRegistrationTest-**** Finished TC001_AccountRegistrationTest ****
08:12:878:878[main]INFO testCase.TC002_LoginTest-**** starting TC002_LoginTest ****
08:12:379:379[main]INFO testCase.TC002_LoginTest-****Finished TC002_LoginTest***
08:12:84:084[main]INFO testCase.TC001_AccountRegistrationTest-**** starting TC001_AccountRegistrationTest ****
08:12:629:629[main]INFO testCase.TC001_AccountRegistrationTest-Clicked on Register Link
08:12:632:632[main]INFO testCase.TC001_AccountRegistrationTest-Providing Customer details.....
08:12:804:804[main]INFO testCase.TC001_AccountRegistrationTest-Validating expected message....
08:12:942:942[main]ERRORtestCase.TC001_AccountRegistrationTest-Test failed....
08:12:943:943[main]DEBUGtestCase.TC001_AccountRegistrationTest-Debug logs......
08:12:916:916[main]INFO testCase.TC001_AccountRegistrationTest-**** starting TC001_AccountRegistrationTest ****
08:12:439:439[main]INFO testCase.TC001_AccountRegistrationTest-Clicked on Register Link
08:12:441:441[main]INFO testCase.TC001_AccountRegistrationTest-Providing Customer details.....
08:12:754:754[main]INFO testCase.TC001_AccountRegistrationTest-Validating expected message....
08:12:875:875[main]ERRORtestCase.TC001_AccountRegistrationTest-Test failed....
08:12:875:875[main]DEBUGtestCase.TC001_AccountRegistrationTest-Debug logs......
08:12:286:286[main]INFO testCase.TC001_AccountRegistrationTest-**** starting TC001_AccountRegistrationTest ****
08:12:908:908[main]INFO testCase.TC001_AccountRegistrationTest-Clicked on Register Link
08:12:914:914[main]INFO testCase.TC001_AccountRegistrationTest-Providing Customer details.....
08:12:105:105[main]INFO testCase.TC001_AccountRegistrationTest-Validating expected message....
08:12:220:220[main]INFO testCase.TC001_AccountRegistrationTest-**** Finished TC001_AccountRegistrationTest ****
08:12:546:546[main]INFO testCase.TC001_AccountRegistrationTest-**** starting TC001_AccountRegistrationTest ****
08:12:72:072[main]INFO testCase.TC001_AccountRegistrationTest-Clicked on Register Link
08:12:75:075[main]INFO testCase.TC001_AccountRegistrationTest-Providing Customer details.....
08:12:327:327[main]INFO testCase.TC001_AccountRegistrationTest-Validating expected message....
08:12:462:462[main]ERRORtestCase.TC001_AccountRegistrationTest-Test failed....
08:12:462:462[main]DEBUGtestCase.TC001_AccountRegistrationTest-Debug logs......
08:12:849:849[main]INFO testCase.TC001_AccountRegistrationTest-**** starting TC001_AccountRegistrationTest ****
08:12:384:384[main]INFO testCase.TC001_AccountRegistrationTest-Clicked on Register Link
08:12:390:390[main]INFO testCase.TC001_AccountRegistrationTest-Providing Customer details.....
08:12:576:576[main]INFO testCase.TC001_AccountRegistrationTest-Validating expected message....
08:12:668:668[main]INFO testCase.TC001_AccountRegistrationTest-**** Finished TC001_AccountRegistrationTest ****
08:12:816:816[main]INFO testCase.TC001_AccountRegistrationTest-**** starting TC001_AccountRegistrationTest ****
08:12:374:374[main]INFO testCase.TC001_AccountRegistrationTest-Clicked on Register Link
08:12:376:376[main]INFO testCase.TC001_AccountRegistrationTest-Providing Customer details.....
08:12:478:478[main]INFO testCase.TC001_AccountRegistrationTest-Validating expected message....
08:12:554:554[main]ERRORtestCase.TC001_AccountRegistrationTest-Test failed....
08:12:555:555[main]DEBUGtestCase.TC001_AccountRegistrationTest-Debug logs......
08:12:07:007[main]INFO testCase.TC001_AccountRegistrationTest-**** starting TC001_AccountRegistrationTest ****
08:12:587:587[main]INFO testCase.TC001_AccountRegistrationTest-Clicked on Register Link
08:12:591:591[main]INFO testCase.TC001_AccountRegistrationTest-Providing Customer details.....
08:12:798:798[main]INFO testCase.TC001_AccountRegistrationTest-Validating expected message....
08:12:896:896[main]INFO testCase.TC001_AccountRegistrationTest-**** Finished TC001_AccountRegistrationTest ****
08:12:408:408[main]INFO testCase.TC001_AccountRegistrationTest-**** starting TC001_AccountRegistrationTest ****
08:12:965:965[main]INFO testCase.TC001_AccountRegistrationTest-Clicked on Register Link
08:12:972:972[main]INFO testCase.TC001_AccountRegistrationTest-Providing Customer details.....
08:12:136:136[main]INFO testCase.TC001_AccountRegistrationTest-Validating expected message....
08:12:241:241[main]ERRORtestCase.TC001_AccountRegistrationTest-Test failed....
08:12:241:241[main]DEBUGtestCase.TC001_AccountRegistrationTest-Debug logs......
08:12:276:276[main]INFO testCase.TC001_AccountRegistrationTest-**** starting TC001_AccountRegistrationTest ****
08:12:867:867[main]INFO testCase.TC001_AccountRegistrationTest-Clicked on Register Link
08:12:870:870[main]INFO testCase.TC001_AccountRegistrationTest-Providing Customer details.....
08:12:992:992[main]INFO testCase.TC001_AccountRegistrationTest-Validating expected message....
08:12:89:089[main]INFO testCase.TC001_AccountRegistrationTest-**** Finished TC001_AccountRegistrationTest ****
09:12:649:649[main]INFO testCase.TC001_AccountRegistrationTest-**** starting TC001_AccountRegistrationTest ****
09:12:180:180[main]INFO testCase.TC001_AccountRegistrationTest-Clicked on Register Link
09:12:183:183[main]INFO testCase.TC001_AccountRegistrationTest-Providing Customer details.....
09:12:298:298[main]INFO testCase.TC001_AccountRegistrationTest-Validating expected message....
09:12:396:396[main]ERRORtestCase.TC001_AccountRegistrationTest-Test failed....
09:12:396:396[main]DEBUGtestCase.TC001_AccountRegistrationTest-Debug logs......
09:12:243:243[main]INFO testCase.TC001_AccountRegistrationTest-**** starting TC001_AccountRegistrationTest ****
09:12:783:783[main]INFO testCase.TC001_AccountRegistrationTest-Clicked on Register Link
09:12:786:786[main]INFO testCase.TC001_AccountRegistrationTest-Providing Customer details.....
09:12:942:942[main]INFO testCase.TC001_AccountRegistrationTest-Validating expected message....
09:12:38:038[main]INFO testCase.TC001_AccountRegistrationTest-**** Finished TC001_AccountRegistrationTest ****
08:12:258:258[main]INFO testCase.TC001_AccountRegistrationTest-**** starting TC001_AccountRegistrationTest ****
08:12:551:551[main]INFO testCase.TC001_AccountRegistrationTest-Clicked on Register Link
08:12:558:558[main]INFO testCase.TC001_AccountRegistrationTest-Providing Customer details.....
08:12:528:528[main]INFO testCase.TC001_AccountRegistrationTest-Validating expected message....
08:12:717:717[main]INFO testCase.TC001_AccountRegistrationTest-**** Finished TC001_AccountRegistrationTest ****
08:12:802:802[main]INFO testCase.TC002_LoginTest-**** starting TC002_LoginTest ****
08:12:934:934[main]INFO testCase.TC002_LoginTest-****Finished TC002_LoginTest***
08:12:502:502[main]INFO testCase.TC001_AccountRegistrationTest-**** starting TC001_AccountRegistrationTest ****
08:12:136:136[main]INFO testCase.TC001_AccountRegistrationTest-Clicked on Register Link
08:12:139:139[main]INFO testCase.TC001_AccountRegistrationTest-Providing Customer details.....
08:12:589:589[main]INFO testCase.TC001_AccountRegistrationTest-Validating expected message....
08:12:700:700[main]INFO testCase.TC001_AccountRegistrationTest-**** Finished TC001_AccountRegistrationTest ****
08:12:50:050[main]INFO testCase.TC002_LoginTest-**** starting TC002_LoginTest ****
08:12:358:358[main]INFO testCase.TC002_LoginTest-****Finished TC002_LoginTest***
08:12:674:674[TestNG-tests-1]INFO testCase.TC001_AccountRegistrationTest-**** starting TC001_AccountRegistrationTest ****
08:12:725:725[TestNG-tests-2]INFO testCase.TC001_AccountRegistrationTest-**** starting TC001_AccountRegistrationTest ****
08:12:762:762[TestNG-tests-1]INFO testCase.TC001_AccountRegistrationTest-Clicked on Register Link
08:12:766:766[TestNG-tests-1]INFO testCase.TC001_AccountRegistrationTest-Providing Customer details.....
08:12:646:646[TestNG-tests-2]INFO testCase.TC001_AccountRegistrationTest-Clicked on Register Link
08:12:648:648[TestNG-tests-2]INFO testCase.TC001_AccountRegistrationTest-Providing Customer details.....
08:12:609:609[TestNG-tests-1]INFO testCase.TC001_AccountRegistrationTest-Validating expected message....
08:12:720:720[TestNG-tests-1]INFO testCase.TC001_AccountRegistrationTest-**** Finished TC001_AccountRegistrationTest ****
08:12:286:286[TestNG-tests-2]INFO testCase.TC001_AccountRegistrationTest-Validating expected message....
08:12:396:396[TestNG-tests-2]INFO testCase.TC001_AccountRegistrationTest-**** Finished TC001_AccountRegistrationTest ****
08:12:103:103[main]INFO testCase.TC001_AccountRegistrationTest-**** starting TC001_AccountRegistrationTest ****
08:12:782:782[main]INFO testCase.TC001_AccountRegistrationTest-Clicked on Register Link
08:12:798:798[main]INFO testCase.TC001_AccountRegistrationTest-Providing Customer details.....
08:12:105:105[main]INFO testCase.TC001_AccountRegistrationTest-Validating expected message....
08:12:197:197[main]INFO testCase.TC001_AccountRegistrationTest-**** Finished TC001_AccountRegistrationTest ****
08:12:429:429[main]INFO testCase.TC001_AccountRegistrationTest-**** starting TC001_AccountRegistrationTest ****
08:12:506:506[main]INFO testCase.TC002_LoginTest-**** starting TC002_LoginTest ****
08:12:519:519[main]INFO testCase.TC001_AccountRegistrationTest-**** starting TC001_AccountRegistrationTest ****
08:12:528:528[main]INFO testCase.TC002_LoginTest-**** starting TC002_LoginTest ****
08:12:368:368[main]INFO testCase.TC001_AccountRegistrationTest-**** starting TC001_AccountRegistrationTest ****
08:12:433:433[main]INFO testCase.TC002_LoginTest-**** starting TC002_LoginTest ****
08:12:447:447[main]INFO testCase.TC001_AccountRegistrationTest-**** starting TC001_AccountRegistrationTest ****
08:12:457:457[main]INFO testCase.TC002_LoginTest-**** starting TC002_LoginTest ****
08:12:618:618[main]INFO testCase.TC001_AccountRegistrationTest-**** starting TC001_AccountRegistrationTest ****
08:12:684:684[main]INFO testCase.TC001_AccountRegistrationTest-**** starting TC001_AccountRegistrationTest ****
08:12:418:418[TestNG-tests-1]INFO testCase.TC001_AccountRegistrationTest-**** starting TC001_AccountRegistrationTest ****
08:12:433:433[TestNG-tests-1]INFO testCase.TC002_LoginTest-**** starting TC002_LoginTest ****
09:12:272:272[TestNG-tests-1]INFO testCase.TC001_AccountRegistrationTest-**** starting TC001_AccountRegistrationTest ****
09:12:288:288[TestNG-tests-1]INFO testCase.TC002_LoginTest-**** starting TC002_LoginTest ****
09:12:133:133[TestNG-tests-1]INFO testCase.TC001_AccountRegistrationTest-**** starting TC001_AccountRegistrationTest ****
09:12:662:662[TestNG-tests-1]INFO testCase.TC001_AccountRegistrationTest-Clicked on Register Link
09:12:666:666[TestNG-tests-1]INFO testCase.TC001_AccountRegistrationTest-Providing Customer details.....
09:12:817:817[TestNG-tests-1]INFO testCase.TC001_AccountRegistrationTest-Validating expected message....
09:12:913:913[TestNG-tests-1]INFO testCase.TC001_AccountRegistrationTest-**** Finished TC001_AccountRegistrationTest ****
09:12:367:367[TestNG-tests-1]INFO testCase.TC002_LoginTest-**** starting TC002_LoginTest ****
09:12:795:795[TestNG-tests-1]INFO testCase.TC002_LoginTest-****Finished TC002_LoginTest***
09:12:998:998[TestNG-tests-2]INFO testCase.TC001_AccountRegistrationTest-**** starting TC001_AccountRegistrationTest ****
09:12:17:017[TestNG-tests-2]INFO testCase.TC002_LoginTest-**** starting TC002_LoginTest ****
09:12:386:386[TestNG-tests-1]INFO testCase.TC001_AccountRegistrationTest-**** starting TC001_AccountRegistrationTest ****
09:12:943:943[TestNG-tests-1]INFO testCase.TC001_AccountRegistrationTest-Clicked on Register Link
09:12:947:947[TestNG-tests-1]INFO testCase.TC001_AccountRegistrationTest-Providing Customer details.....
09:12:169:169[TestNG-tests-1]INFO testCase.TC001_AccountRegistrationTest-Validating expected message....
09:12:277:277[TestNG-tests-1]INFO testCase.TC001_AccountRegistrationTest-**** Finished TC001_AccountRegistrationTest ****
09:12:631:631[TestNG-tests-1]INFO testCase.TC002_LoginTest-**** starting TC002_LoginTest ****
09:12:990:990[TestNG-tests-1]INFO testCase.TC002_LoginTest-****Finished TC002_LoginTest***
09:12:878:878[TestNG-tests-1]INFO testCase.TC001_AccountRegistrationTest-**** starting TC001_AccountRegistrationTest ****
09:12:78:078[TestNG-tests-2]INFO testCase.TC001_AccountRegistrationTest-**** starting TC001_AccountRegistrationTest ****
09:12:767:767[TestNG-tests-1]INFO testCase.TC001_AccountRegistrationTest-Clicked on Register Link
09:12:772:772[TestNG-tests-1]INFO testCase.TC001_AccountRegistrationTest-Providing Customer details.....
09:12:840:840[TestNG-tests-2]INFO testCase.TC001_AccountRegistrationTest-Clicked on Register Link
09:12:840:840[TestNG-tests-2]INFO testCase.TC001_AccountRegistrationTest-Providing Customer details.....
09:12:551:551[TestNG-tests-1]INFO testCase.TC001_AccountRegistrationTest-Validating expected message....
09:12:662:662[TestNG-tests-2]INFO testCase.TC001_AccountRegistrationTest-Validating expected message....
09:12:682:682[TestNG-tests-1]INFO testCase.TC001_AccountRegistrationTest-**** Finished TC001_AccountRegistrationTest ****
09:12:794:794[TestNG-tests-2]INFO testCase.TC001_AccountRegistrationTest-**** Finished TC001_AccountRegistrationTest ****
09:12:289:289[TestNG-tests-1]INFO testCase.TC002_LoginTest-**** starting TC002_LoginTest ****
09:12:740:740[TestNG-tests-2]INFO testCase.TC002_LoginTest-**** starting TC002_LoginTest ****
09:12:87:087[TestNG-tests-1]INFO testCase.TC002_LoginTest-****Finished TC002_LoginTest***
09:12:501:501[TestNG-tests-2]INFO testCase.TC002_LoginTest-****Finished TC002_LoginTest***
11:01:949:949[main]DEBUGorg.apache.poi.openxml4j.opc.PackageRelationshipCollection-Parsing relationship: /xl/_rels/workbook.xml.rels
11:01:957:957[main]DEBUGorg.apache.poi.openxml4j.opc.PackageRelationshipCollection-Parsing relationship: /xl/worksheets/_rels/sheet1.xml.rels
11:01:959:959[main]DEBUGorg.apache.poi.openxml4j.opc.PackageRelationshipCollection-Parsing relationship: /_rels/.rels
11:01:522:522[main]DEBUGorg.apache.poi.openxml4j.opc.PackageRelationshipCollection-Parsing relationship: /xl/_rels/workbook.xml.rels
11:01:524:524[main]DEBUGorg.apache.poi.openxml4j.opc.PackageRelationshipCollection-Parsing relationship: /xl/worksheets/_rels/sheet1.xml.rels
11:01:525:525[main]DEBUGorg.apache.poi.openxml4j.opc.PackageRelationshipCollection-Parsing relationship: /_rels/.rels
11:01:558:558[main]DEBUGorg.apache.poi.openxml4j.opc.PackageRelationshipCollection-Parsing relationship: /xl/_rels/workbook.xml.rels
11:01:559:559[main]DEBUGorg.apache.poi.openxml4j.opc.PackageRelationshipCollection-Parsing relationship: /xl/worksheets/_rels/sheet1.xml.rels
11:01:562:562[main]DEBUGorg.apache.poi.openxml4j.opc.PackageRelationshipCollection-Parsing relationship: /_rels/.rels
11:01:603:603[main]DEBUGorg.apache.poi.openxml4j.opc.PackageRelationshipCollection-Parsing relationship: /xl/_rels/workbook.xml.rels
11:01:604:604[main]DEBUGorg.apache.poi.openxml4j.opc.PackageRelationshipCollection-Parsing relationship: /xl/worksheets/_rels/sheet1.xml.rels
11:01:606:606[main]DEBUGorg.apache.poi.openxml4j.opc.PackageRelationshipCollection-Parsing relationship: /_rels/.rels
11:01:638:638[main]DEBUGorg.apache.poi.openxml4j.opc.PackageRelationshipCollection-Parsing relationship: /xl/_rels/workbook.xml.rels
11:01:639:639[main]DEBUGorg.apache.poi.openxml4j.opc.PackageRelationshipCollection-Parsing relationship: /xl/worksheets/_rels/sheet1.xml.rels
11:01:641:641[main]DEBUGorg.apache.poi.openxml4j.opc.PackageRelationshipCollection-Parsing relationship: /_rels/.rels
11:01:675:675[main]DEBUGorg.apache.poi.openxml4j.opc.PackageRelationshipCollection-Parsing relationship: /xl/_rels/workbook.xml.rels
11:01:676:676[main]DEBUGorg.apache.poi.openxml4j.opc.PackageRelationshipCollection-Parsing relationship: /xl/worksheets/_rels/sheet1.xml.rels
11:01:677:677[main]DEBUGorg.apache.poi.openxml4j.opc.PackageRelationshipCollection-Parsing relationship: /_rels/.rels
11:01:706:706[main]DEBUGorg.apache.poi.openxml4j.opc.PackageRelationshipCollection-Parsing relationship: /xl/_rels/workbook.xml.rels
11:01:707:707[main]DEBUGorg.apache.poi.openxml4j.opc.PackageRelationshipCollection-Parsing relationship: /xl/worksheets/_rels/sheet1.xml.rels
11:01:708:708[main]DEBUGorg.apache.poi.openxml4j.opc.PackageRelationshipCollection-Parsing relationship: /_rels/.rels
11:01:736:736[main]DEBUGorg.apache.poi.openxml4j.opc.PackageRelationshipCollection-Parsing relationship: /xl/_rels/workbook.xml.rels
11:01:737:737[main]DEBUGorg.apache.poi.openxml4j.opc.PackageRelationshipCollection-Parsing relationship: /xl/worksheets/_rels/sheet1.xml.rels
11:01:738:738[main]DEBUGorg.apache.poi.openxml4j.opc.PackageRelationshipCollection-Parsing relationship: /_rels/.rels
11:01:768:768[main]DEBUGorg.apache.poi.openxml4j.opc.PackageRelationshipCollection-Parsing relationship: /xl/_rels/workbook.xml.rels
11:01:770:770[main]DEBUGorg.apache.poi.openxml4j.opc.PackageRelationshipCollection-Parsing relationship: /xl/worksheets/_rels/sheet1.xml.rels
11:01:772:772[main]DEBUGorg.apache.poi.openxml4j.opc.PackageRelationshipCollection-Parsing relationship: /_rels/.rels
11:01:796:796[main]DEBUGorg.apache.poi.openxml4j.opc.PackageRelationshipCollection-Parsing relationship: /xl/_rels/workbook.xml.rels
11:01:796:796[main]DEBUGorg.apache.poi.openxml4j.opc.PackageRelationshipCollection-Parsing relationship: /xl/worksheets/_rels/sheet1.xml.rels
11:01:797:797[main]DEBUGorg.apache.poi.openxml4j.opc.PackageRelationshipCollection-Parsing relationship: /_rels/.rels
11:01:821:821[main]DEBUGorg.apache.poi.openxml4j.opc.PackageRelationshipCollection-Parsing relationship: /xl/_rels/workbook.xml.rels
11:01:823:823[main]DEBUGorg.apache.poi.openxml4j.opc.PackageRelationshipCollection-Parsing relationship: /xl/worksheets/_rels/sheet1.xml.rels
11:01:824:824[main]DEBUGorg.apache.poi.openxml4j.opc.PackageRelationshipCollection-Parsing relationship: /_rels/.rels
11:01:844:844[main]DEBUGorg.apache.poi.openxml4j.opc.PackageRelationshipCollection-Parsing relationship: /xl/_rels/workbook.xml.rels
11:01:846:846[main]DEBUGorg.apache.poi.openxml4j.opc.PackageRelationshipCollection-Parsing relationship: /xl/worksheets/_rels/sheet1.xml.rels
11:01:847:847[main]DEBUGorg.apache.poi.openxml4j.opc.PackageRelationshipCollection-Parsing relationship: /_rels/.rels
11:01:871:871[main]DEBUGorg.apache.poi.openxml4j.opc.PackageRelationshipCollection-Parsing relationship: /xl/_rels/workbook.xml.rels
11:01:872:872[main]DEBUGorg.apache.poi.openxml4j.opc.PackageRelationshipCollection-Parsing relationship: /xl/worksheets/_rels/sheet1.xml.rels
11:01:873:873[main]DEBUGorg.apache.poi.openxml4j.opc.PackageRelationshipCollection-Parsing relationship: /_rels/.rels
11:01:894:894[main]DEBUGorg.apache.poi.openxml4j.opc.PackageRelationshipCollection-Parsing relationship: /xl/_rels/workbook.xml.rels
11:01:896:896[main]DEBUGorg.apache.poi.openxml4j.opc.PackageRelationshipCollection-Parsing relationship: /xl/worksheets/_rels/sheet1.xml.rels
11:01:896:896[main]DEBUGorg.apache.poi.openxml4j.opc.PackageRelationshipCollection-Parsing relationship: /_rels/.rels
11:01:83:083[main]DEBUGorg.apache.poi.openxml4j.opc.PackageRelationshipCollection-Parsing relationship: /xl/_rels/workbook.xml.rels
11:01:93:093[main]DEBUGorg.apache.poi.openxml4j.opc.PackageRelationshipCollection-Parsing relationship: /xl/worksheets/_rels/sheet1.xml.rels
11:01:96:096[main]DEBUGorg.apache.poi.openxml4j.opc.PackageRelationshipCollection-Parsing relationship: /_rels/.rels
11:01:725:725[main]DEBUGorg.apache.poi.openxml4j.opc.PackageRelationshipCollection-Parsing relationship: /xl/_rels/workbook.xml.rels
11:01:726:726[main]DEBUGorg.apache.poi.openxml4j.opc.PackageRelationshipCollection-Parsing relationship: /xl/worksheets/_rels/sheet1.xml.rels
11:01:727:727[main]DEBUGorg.apache.poi.openxml4j.opc.PackageRelationshipCollection-Parsing relationship: /_rels/.rels
11:01:764:764[main]DEBUGorg.apache.poi.openxml4j.opc.PackageRelationshipCollection-Parsing relationship: /xl/_rels/workbook.xml.rels
11:01:764:764[main]DEBUGorg.apache.poi.openxml4j.opc.PackageRelationshipCollection-Parsing relationship: /xl/worksheets/_rels/sheet1.xml.rels
11:01:766:766[main]DEBUGorg.apache.poi.openxml4j.opc.PackageRelationshipCollection-Parsing relationship: /_rels/.rels
11:01:805:805[main]DEBUGorg.apache.poi.openxml4j.opc.PackageRelationshipCollection-Parsing relationship: /xl/_rels/workbook.xml.rels
11:01:806:806[main]DEBUGorg.apache.poi.openxml4j.opc.PackageRelationshipCollection-Parsing relationship: /xl/worksheets/_rels/sheet1.xml.rels
11:01:808:808[main]DEBUGorg.apache.poi.openxml4j.opc.PackageRelationshipCollection-Parsing relationship: /_rels/.rels
11:01:838:838[main]DEBUGorg.apache.poi.openxml4j.opc.PackageRelationshipCollection-Parsing relationship: /xl/_rels/workbook.xml.rels
11:01:839:839[main]DEBUGorg.apache.poi.openxml4j.opc.PackageRelationshipCollection-Parsing relationship: /xl/worksheets/_rels/sheet1.xml.rels
11:01:841:841[main]DEBUGorg.apache.poi.openxml4j.opc.PackageRelationshipCollection-Parsing relationship: /_rels/.rels
11:01:868:868[main]DEBUGorg.apache.poi.openxml4j.opc.PackageRelationshipCollection-Parsing relationship: /xl/_rels/workbook.xml.rels
11:01:869:869[main]DEBUGorg.apache.poi.openxml4j.opc.PackageRelationshipCollection-Parsing relationship: /xl/worksheets/_rels/sheet1.xml.rels
11:01:871:871[main]DEBUGorg.apache.poi.openxml4j.opc.PackageRelationshipCollection-Parsing relationship: /_rels/.rels
11:01:907:907[main]DEBUGorg.apache.poi.openxml4j.opc.PackageRelationshipCollection-Parsing relationship: /xl/_rels/workbook.xml.rels
11:01:909:909[main]DEBUGorg.apache.poi.openxml4j.opc.PackageRelationshipCollection-Parsing relationship: /xl/worksheets/_rels/sheet1.xml.rels
11:01:910:910[main]DEBUGorg.apache.poi.openxml4j.opc.PackageRelationshipCollection-Parsing relationship: /_rels/.rels
11:01:937:937[main]DEBUGorg.apache.poi.openxml4j.opc.PackageRelationshipCollection-Parsing relationship: /xl/_rels/workbook.xml.rels
11:01:939:939[main]DEBUGorg.apache.poi.openxml4j.opc.PackageRelationshipCollection-Parsing relationship: /xl/worksheets/_rels/sheet1.xml.rels
11:01:940:940[main]DEBUGorg.apache.poi.openxml4j.opc.PackageRelationshipCollection-Parsing relationship: /_rels/.rels
11:01:965:965[main]DEBUGorg.apache.poi.openxml4j.opc.PackageRelationshipCollection-Parsing relationship: /xl/_rels/workbook.xml.rels
11:01:966:966[main]DEBUGorg.apache.poi.openxml4j.opc.PackageRelationshipCollection-Parsing relationship: /xl/worksheets/_rels/sheet1.xml.rels
11:01:968:968[main]DEBUGorg.apache.poi.openxml4j.opc.PackageRelationshipCollection-Parsing relationship: /_rels/.rels
11:01:991:991[main]DEBUGorg.apache.poi.openxml4j.opc.PackageRelationshipCollection-Parsing relationship: /xl/_rels/workbook.xml.rels
11:01:992:992[main]DEBUGorg.apache.poi.openxml4j.opc.PackageRelationshipCollection-Parsing relationship: /xl/worksheets/_rels/sheet1.xml.rels
11:01:993:993[main]DEBUGorg.apache.poi.openxml4j.opc.PackageRelationshipCollection-Parsing relationship: /_rels/.rels
11:01:17:017[main]DEBUGorg.apache.poi.openxml4j.opc.PackageRelationshipCollection-Parsing relationship: /xl/_rels/workbook.xml.rels
11:01:18:018[main]DEBUGorg.apache.poi.openxml4j.opc.PackageRelationshipCollection-Parsing relationship: /xl/worksheets/_rels/sheet1.xml.rels
11:01:20:020[main]DEBUGorg.apache.poi.openxml4j.opc.PackageRelationshipCollection-Parsing relationship: /_rels/.rels
11:01:41:041[main]DEBUGorg.apache.poi.openxml4j.opc.PackageRelationshipCollection-Parsing relationship: /xl/_rels/workbook.xml.rels
11:01:42:042[main]DEBUGorg.apache.poi.openxml4j.opc.PackageRelationshipCollection-Parsing relationship: /xl/worksheets/_rels/sheet1.xml.rels
11:01:43:043[main]DEBUGorg.apache.poi.openxml4j.opc.PackageRelationshipCollection-Parsing relationship: /_rels/.rels
11:01:63:063[main]DEBUGorg.apache.poi.openxml4j.opc.PackageRelationshipCollection-Parsing relationship: /xl/_rels/workbook.xml.rels
11:01:64:064[main]DEBUGorg.apache.poi.openxml4j.opc.PackageRelationshipCollection-Parsing relationship: /xl/worksheets/_rels/sheet1.xml.rels
11:01:65:065[main]DEBUGorg.apache.poi.openxml4j.opc.PackageRelationshipCollection-Parsing relationship: /_rels/.rels
11:01:86:086[main]DEBUGorg.apache.poi.openxml4j.opc.PackageRelationshipCollection-Parsing relationship: /xl/_rels/workbook.xml.rels
11:01:88:088[main]DEBUGorg.apache.poi.openxml4j.opc.PackageRelationshipCollection-Parsing relationship: /xl/worksheets/_rels/sheet1.xml.rels
11:01:89:089[main]DEBUGorg.apache.poi.openxml4j.opc.PackageRelationshipCollection-Parsing relationship: /_rels/.rels
12:01:258:258[main]INFO testCase.TC002_LoginTest-**** starting TC002_LoginTest ****
12:01:667:667[main]INFO testCase.TC002_LoginTest-****Finished TC002_LoginTest***
12:01:852:852[main]INFO testCase.TC001_AccountRegistrationTest-**** starting TC001_AccountRegistrationTest ****
12:01:437:437[main]INFO testCase.TC001_AccountRegistrationTest-Clicked on Register Link
12:01:437:437[main]INFO testCase.TC001_AccountRegistrationTest-Providing Customer details.....
12:01:712:712[main]INFO testCase.TC001_AccountRegistrationTest-Validating expected message....
12:01:819:819[main]INFO testCase.TC001_AccountRegistrationTest-**** Finished TC001_AccountRegistrationTest ****
12:01:452:452[main]INFO testCase.TC002_LoginTest-**** starting TC002_LoginTest ****
12:01:833:833[main]INFO testCase.TC002_LoginTest-****Finished TC002_LoginTest***
