15:12:48:048[main]DEBUGorg.apache.poi.openxml4j.opc.PackageRelationshipCollection-Parsing relationship: /xl/_rels/workbook.xml.rels
15:12:67:067[main]DEBUGorg.apache.poi.openxml4j.opc.PackageRelationshipCollection-Parsing relationship: /xl/worksheets/_rels/sheet1.xml.rels
15:12:70:070[main]DEBUGorg.apache.poi.openxml4j.opc.PackageRelationshipCollection-Parsing relationship: /_rels/.rels
15:12:732:732[main]DEBUGorg.apache.poi.openxml4j.opc.PackageRelationshipCollection-Parsing relationship: /xl/_rels/workbook.xml.rels
15:12:733:733[main]DEBUGorg.apache.poi.openxml4j.opc.PackageRelationshipCollection-Parsing relationship: /xl/worksheets/_rels/sheet1.xml.rels
15:12:734:734[main]DEBUGorg.apache.poi.openxml4j.opc.PackageRelationshipCollection-Parsing relationship: /_rels/.rels
15:12:763:763[main]DEBUGorg.apache.poi.openxml4j.opc.PackageRelationshipCollection-Parsing relationship: /xl/_rels/workbook.xml.rels
15:12:764:764[main]DEBUGorg.apache.poi.openxml4j.opc.PackageRelationshipCollection-Parsing relationship: /xl/worksheets/_rels/sheet1.xml.rels
15:12:766:766[main]DEBUGorg.apache.poi.openxml4j.opc.PackageRelationshipCollection-Parsing relationship: /_rels/.rels
15:12:804:804[main]DEBUGorg.apache.poi.openxml4j.opc.PackageRelationshipCollection-Parsing relationship: /xl/_rels/workbook.xml.rels
15:12:804:804[main]DEBUGorg.apache.poi.openxml4j.opc.PackageRelationshipCollection-Parsing relationship: /xl/worksheets/_rels/sheet1.xml.rels
15:12:806:806[main]DEBUGorg.apache.poi.openxml4j.opc.PackageRelationshipCollection-Parsing relationship: /_rels/.rels
15:12:830:830[main]DEBUGorg.apache.poi.openxml4j.opc.PackageRelationshipCollection-Parsing relationship: /xl/_rels/workbook.xml.rels
15:12:831:831[main]DEBUGorg.apache.poi.openxml4j.opc.PackageRelationshipCollection-Parsing relationship: /xl/worksheets/_rels/sheet1.xml.rels
15:12:833:833[main]DEBUGorg.apache.poi.openxml4j.opc.PackageRelationshipCollection-Parsing relationship: /_rels/.rels
15:12:860:860[main]DEBUGorg.apache.poi.openxml4j.opc.PackageRelationshipCollection-Parsing relationship: /xl/_rels/workbook.xml.rels
15:12:862:862[main]DEBUGorg.apache.poi.openxml4j.opc.PackageRelationshipCollection-Parsing relationship: /xl/worksheets/_rels/sheet1.xml.rels
15:12:863:863[main]DEBUGorg.apache.poi.openxml4j.opc.PackageRelationshipCollection-Parsing relationship: /_rels/.rels
15:12:886:886[main]DEBUGorg.apache.poi.openxml4j.opc.PackageRelationshipCollection-Parsing relationship: /xl/_rels/workbook.xml.rels
15:12:887:887[main]DEBUGorg.apache.poi.openxml4j.opc.PackageRelationshipCollection-Parsing relationship: /xl/worksheets/_rels/sheet1.xml.rels
15:12:888:888[main]DEBUGorg.apache.poi.openxml4j.opc.PackageRelationshipCollection-Parsing relationship: /_rels/.rels
15:12:910:910[main]DEBUGorg.apache.poi.openxml4j.opc.PackageRelationshipCollection-Parsing relationship: /xl/_rels/workbook.xml.rels
15:12:912:912[main]DEBUGorg.apache.poi.openxml4j.opc.PackageRelationshipCollection-Parsing relationship: /xl/worksheets/_rels/sheet1.xml.rels
15:12:913:913[main]DEBUGorg.apache.poi.openxml4j.opc.PackageRelationshipCollection-Parsing relationship: /_rels/.rels
15:12:933:933[main]DEBUGorg.apache.poi.openxml4j.opc.PackageRelationshipCollection-Parsing relationship: /xl/_rels/workbook.xml.rels
15:12:934:934[main]DEBUGorg.apache.poi.openxml4j.opc.PackageRelationshipCollection-Parsing relationship: /xl/worksheets/_rels/sheet1.xml.rels
15:12:935:935[main]DEBUGorg.apache.poi.openxml4j.opc.PackageRelationshipCollection-Parsing relationship: /_rels/.rels
15:12:954:954[main]DEBUGorg.apache.poi.openxml4j.opc.PackageRelationshipCollection-Parsing relationship: /xl/_rels/workbook.xml.rels
15:12:955:955[main]DEBUGorg.apache.poi.openxml4j.opc.PackageRelationshipCollection-Parsing relationship: /xl/worksheets/_rels/sheet1.xml.rels
15:12:956:956[main]DEBUGorg.apache.poi.openxml4j.opc.PackageRelationshipCollection-Parsing relationship: /_rels/.rels
15:12:973:973[main]DEBUGorg.apache.poi.openxml4j.opc.PackageRelationshipCollection-Parsing relationship: /xl/_rels/workbook.xml.rels
15:12:974:974[main]DEBUGorg.apache.poi.openxml4j.opc.PackageRelationshipCollection-Parsing relationship: /xl/worksheets/_rels/sheet1.xml.rels
15:12:975:975[main]DEBUGorg.apache.poi.openxml4j.opc.PackageRelationshipCollection-Parsing relationship: /_rels/.rels
15:12:994:994[main]DEBUGorg.apache.poi.openxml4j.opc.PackageRelationshipCollection-Parsing relationship: /xl/_rels/workbook.xml.rels
15:12:996:996[main]DEBUGorg.apache.poi.openxml4j.opc.PackageRelationshipCollection-Parsing relationship: /xl/worksheets/_rels/sheet1.xml.rels
15:12:997:997[main]DEBUGorg.apache.poi.openxml4j.opc.PackageRelationshipCollection-Parsing relationship: /_rels/.rels
15:12:16:016[main]DEBUGorg.apache.poi.openxml4j.opc.PackageRelationshipCollection-Parsing relationship: /xl/_rels/workbook.xml.rels
15:12:17:017[main]DEBUGorg.apache.poi.openxml4j.opc.PackageRelationshipCollection-Parsing relationship: /xl/worksheets/_rels/sheet1.xml.rels
15:12:18:018[main]DEBUGorg.apache.poi.openxml4j.opc.PackageRelationshipCollection-Parsing relationship: /_rels/.rels
15:12:34:034[main]DEBUGorg.apache.poi.openxml4j.opc.PackageRelationshipCollection-Parsing relationship: /xl/_rels/workbook.xml.rels
15:12:35:035[main]DEBUGorg.apache.poi.openxml4j.opc.PackageRelationshipCollection-Parsing relationship: /xl/worksheets/_rels/sheet1.xml.rels
15:12:36:036[main]DEBUGorg.apache.poi.openxml4j.opc.PackageRelationshipCollection-Parsing relationship: /_rels/.rels
15:12:995:995[main]DEBUGorg.apache.poi.openxml4j.opc.PackageRelationshipCollection-Parsing relationship: /xl/_rels/workbook.xml.rels
15:12:997:997[main]DEBUGorg.apache.poi.openxml4j.opc.PackageRelationshipCollection-Parsing relationship: /xl/worksheets/_rels/sheet1.xml.rels
15:12:05:005[main]DEBUGorg.apache.poi.openxml4j.opc.PackageRelationshipCollection-Parsing relationship: /_rels/.rels
15:12:726:726[main]DEBUGorg.apache.poi.openxml4j.opc.PackageRelationshipCollection-Parsing relationship: /xl/_rels/workbook.xml.rels
15:12:726:726[main]DEBUGorg.apache.poi.openxml4j.opc.PackageRelationshipCollection-Parsing relationship: /xl/worksheets/_rels/sheet1.xml.rels
15:12:743:743[main]DEBUGorg.apache.poi.openxml4j.opc.PackageRelationshipCollection-Parsing relationship: /_rels/.rels
15:12:808:808[main]DEBUGorg.apache.poi.openxml4j.opc.PackageRelationshipCollection-Parsing relationship: /xl/_rels/workbook.xml.rels
15:12:808:808[main]DEBUGorg.apache.poi.openxml4j.opc.PackageRelationshipCollection-Parsing relationship: /xl/worksheets/_rels/sheet1.xml.rels
15:12:808:808[main]DEBUGorg.apache.poi.openxml4j.opc.PackageRelationshipCollection-Parsing relationship: /_rels/.rels
15:12:891:891[main]DEBUGorg.apache.poi.openxml4j.opc.PackageRelationshipCollection-Parsing relationship: /xl/_rels/workbook.xml.rels
15:12:891:891[main]DEBUGorg.apache.poi.openxml4j.opc.PackageRelationshipCollection-Parsing relationship: /xl/worksheets/_rels/sheet1.xml.rels
15:12:891:891[main]DEBUGorg.apache.poi.openxml4j.opc.PackageRelationshipCollection-Parsing relationship: /_rels/.rels
15:12:955:955[main]DEBUGorg.apache.poi.openxml4j.opc.PackageRelationshipCollection-Parsing relationship: /xl/_rels/workbook.xml.rels
15:12:955:955[main]DEBUGorg.apache.poi.openxml4j.opc.PackageRelationshipCollection-Parsing relationship: /xl/worksheets/_rels/sheet1.xml.rels
15:12:955:955[main]DEBUGorg.apache.poi.openxml4j.opc.PackageRelationshipCollection-Parsing relationship: /_rels/.rels
15:12:10:010[main]DEBUGorg.apache.poi.openxml4j.opc.PackageRelationshipCollection-Parsing relationship: /xl/_rels/workbook.xml.rels
15:12:10:010[main]DEBUGorg.apache.poi.openxml4j.opc.PackageRelationshipCollection-Parsing relationship: /xl/worksheets/_rels/sheet1.xml.rels
15:12:10:010[main]DEBUGorg.apache.poi.openxml4j.opc.PackageRelationshipCollection-Parsing relationship: /_rels/.rels
15:12:58:058[main]DEBUGorg.apache.poi.openxml4j.opc.PackageRelationshipCollection-Parsing relationship: /xl/_rels/workbook.xml.rels
15:12:74:074[main]DEBUGorg.apache.poi.openxml4j.opc.PackageRelationshipCollection-Parsing relationship: /xl/worksheets/_rels/sheet1.xml.rels
15:12:74:074[main]DEBUGorg.apache.poi.openxml4j.opc.PackageRelationshipCollection-Parsing relationship: /_rels/.rels
15:12:126:126[main]DEBUGorg.apache.poi.openxml4j.opc.PackageRelationshipCollection-Parsing relationship: /xl/_rels/workbook.xml.rels
15:12:126:126[main]DEBUGorg.apache.poi.openxml4j.opc.PackageRelationshipCollection-Parsing relationship: /xl/worksheets/_rels/sheet1.xml.rels
15:12:126:126[main]DEBUGorg.apache.poi.openxml4j.opc.PackageRelationshipCollection-Parsing relationship: /_rels/.rels
15:12:176:176[main]DEBUGorg.apache.poi.openxml4j.opc.PackageRelationshipCollection-Parsing relationship: /xl/_rels/workbook.xml.rels
15:12:176:176[main]DEBUGorg.apache.poi.openxml4j.opc.PackageRelationshipCollection-Parsing relationship: /xl/worksheets/_rels/sheet1.xml.rels
15:12:176:176[main]DEBUGorg.apache.poi.openxml4j.opc.PackageRelationshipCollection-Parsing relationship: /_rels/.rels
15:12:226:226[main]DEBUGorg.apache.poi.openxml4j.opc.PackageRelationshipCollection-Parsing relationship: /xl/_rels/workbook.xml.rels
15:12:226:226[main]DEBUGorg.apache.poi.openxml4j.opc.PackageRelationshipCollection-Parsing relationship: /xl/worksheets/_rels/sheet1.xml.rels
15:12:226:226[main]DEBUGorg.apache.poi.openxml4j.opc.PackageRelationshipCollection-Parsing relationship: /_rels/.rels
15:12:275:275[main]DEBUGorg.apache.poi.openxml4j.opc.PackageRelationshipCollection-Parsing relationship: /xl/_rels/workbook.xml.rels
15:12:284:284[main]DEBUGorg.apache.poi.openxml4j.opc.PackageRelationshipCollection-Parsing relationship: /xl/worksheets/_rels/sheet1.xml.rels
15:12:285:285[main]DEBUGorg.apache.poi.openxml4j.opc.PackageRelationshipCollection-Parsing relationship: /_rels/.rels
15:12:328:328[main]DEBUGorg.apache.poi.openxml4j.opc.PackageRelationshipCollection-Parsing relationship: /xl/_rels/workbook.xml.rels
15:12:329:329[main]DEBUGorg.apache.poi.openxml4j.opc.PackageRelationshipCollection-Parsing relationship: /xl/worksheets/_rels/sheet1.xml.rels
15:12:329:329[main]DEBUGorg.apache.poi.openxml4j.opc.PackageRelationshipCollection-Parsing relationship: /_rels/.rels
15:12:378:378[main]DEBUGorg.apache.poi.openxml4j.opc.PackageRelationshipCollection-Parsing relationship: /xl/_rels/workbook.xml.rels
15:12:380:380[main]DEBUGorg.apache.poi.openxml4j.opc.PackageRelationshipCollection-Parsing relationship: /xl/worksheets/_rels/sheet1.xml.rels
15:12:380:380[main]DEBUGorg.apache.poi.openxml4j.opc.PackageRelationshipCollection-Parsing relationship: /_rels/.rels
15:12:408:408[main]DEBUGorg.apache.poi.openxml4j.opc.PackageRelationshipCollection-Parsing relationship: /xl/_rels/workbook.xml.rels
15:12:416:416[main]DEBUGorg.apache.poi.openxml4j.opc.PackageRelationshipCollection-Parsing relationship: /xl/worksheets/_rels/sheet1.xml.rels
15:12:418:418[main]DEBUGorg.apache.poi.openxml4j.opc.PackageRelationshipCollection-Parsing relationship: /_rels/.rels
15:12:466:466[main]INFO testCase.TC003_LoginDDT-*** Starting TC003_LoginDDT ***
15:12:61:061[main]INFO testCase.TC003_LoginDDT-**** Finished TC003_LoginDDT ****
15:12:61:061[main]INFO testCase.TC003_LoginDDT-*** Starting TC003_LoginDDT ***
15:12:375:375[main]INFO testCase.TC003_LoginDDT-*** Starting TC003_LoginDDT ***
15:12:393:393[main]INFO testCase.TC003_LoginDDT-*** Starting TC003_LoginDDT ***
15:12:112:112[main]DEBUGorg.apache.poi.openxml4j.opc.PackageRelationshipCollection-Parsing relationship: /xl/_rels/workbook.xml.rels
15:12:124:124[main]DEBUGorg.apache.poi.openxml4j.opc.PackageRelationshipCollection-Parsing relationship: /xl/worksheets/_rels/sheet1.xml.rels
15:12:127:127[main]DEBUGorg.apache.poi.openxml4j.opc.PackageRelationshipCollection-Parsing relationship: /_rels/.rels
15:12:890:890[main]DEBUGorg.apache.poi.openxml4j.opc.PackageRelationshipCollection-Parsing relationship: /xl/_rels/workbook.xml.rels
15:12:893:893[main]DEBUGorg.apache.poi.openxml4j.opc.PackageRelationshipCollection-Parsing relationship: /xl/worksheets/_rels/sheet1.xml.rels
15:12:893:893[main]DEBUGorg.apache.poi.openxml4j.opc.PackageRelationshipCollection-Parsing relationship: /_rels/.rels
15:12:960:960[main]DEBUGorg.apache.poi.openxml4j.opc.PackageRelationshipCollection-Parsing relationship: /xl/_rels/workbook.xml.rels
15:12:960:960[main]DEBUGorg.apache.poi.openxml4j.opc.PackageRelationshipCollection-Parsing relationship: /xl/worksheets/_rels/sheet1.xml.rels
15:12:977:977[main]DEBUGorg.apache.poi.openxml4j.opc.PackageRelationshipCollection-Parsing relationship: /_rels/.rels
15:12:43:043[main]DEBUGorg.apache.poi.openxml4j.opc.PackageRelationshipCollection-Parsing relationship: /xl/_rels/workbook.xml.rels
15:12:43:043[main]DEBUGorg.apache.poi.openxml4j.opc.PackageRelationshipCollection-Parsing relationship: /xl/worksheets/_rels/sheet1.xml.rels
15:12:43:043[main]DEBUGorg.apache.poi.openxml4j.opc.PackageRelationshipCollection-Parsing relationship: /_rels/.rels
15:12:93:093[main]DEBUGorg.apache.poi.openxml4j.opc.PackageRelationshipCollection-Parsing relationship: /xl/_rels/workbook.xml.rels
15:12:110:110[main]DEBUGorg.apache.poi.openxml4j.opc.PackageRelationshipCollection-Parsing relationship: /xl/worksheets/_rels/sheet1.xml.rels
15:12:110:110[main]DEBUGorg.apache.poi.openxml4j.opc.PackageRelationshipCollection-Parsing relationship: /_rels/.rels
15:12:160:160[main]DEBUGorg.apache.poi.openxml4j.opc.PackageRelationshipCollection-Parsing relationship: /xl/_rels/workbook.xml.rels
15:12:160:160[main]DEBUGorg.apache.poi.openxml4j.opc.PackageRelationshipCollection-Parsing relationship: /xl/worksheets/_rels/sheet1.xml.rels
15:12:160:160[main]DEBUGorg.apache.poi.openxml4j.opc.PackageRelationshipCollection-Parsing relationship: /_rels/.rels
15:12:214:214[main]DEBUGorg.apache.poi.openxml4j.opc.PackageRelationshipCollection-Parsing relationship: /xl/_rels/workbook.xml.rels
15:12:214:214[main]DEBUGorg.apache.poi.openxml4j.opc.PackageRelationshipCollection-Parsing relationship: /xl/worksheets/_rels/sheet1.xml.rels
15:12:214:214[main]DEBUGorg.apache.poi.openxml4j.opc.PackageRelationshipCollection-Parsing relationship: /_rels/.rels
15:12:264:264[main]DEBUGorg.apache.poi.openxml4j.opc.PackageRelationshipCollection-Parsing relationship: /xl/_rels/workbook.xml.rels
15:12:264:264[main]DEBUGorg.apache.poi.openxml4j.opc.PackageRelationshipCollection-Parsing relationship: /xl/worksheets/_rels/sheet1.xml.rels
15:12:280:280[main]DEBUGorg.apache.poi.openxml4j.opc.PackageRelationshipCollection-Parsing relationship: /_rels/.rels
15:12:321:321[main]DEBUGorg.apache.poi.openxml4j.opc.PackageRelationshipCollection-Parsing relationship: /xl/_rels/workbook.xml.rels
15:12:321:321[main]DEBUGorg.apache.poi.openxml4j.opc.PackageRelationshipCollection-Parsing relationship: /xl/worksheets/_rels/sheet1.xml.rels
15:12:321:321[main]DEBUGorg.apache.poi.openxml4j.opc.PackageRelationshipCollection-Parsing relationship: /_rels/.rels
15:12:360:360[main]DEBUGorg.apache.poi.openxml4j.opc.PackageRelationshipCollection-Parsing relationship: /xl/_rels/workbook.xml.rels
15:12:360:360[main]DEBUGorg.apache.poi.openxml4j.opc.PackageRelationshipCollection-Parsing relationship: /xl/worksheets/_rels/sheet1.xml.rels
15:12:369:369[main]DEBUGorg.apache.poi.openxml4j.opc.PackageRelationshipCollection-Parsing relationship: /_rels/.rels
15:12:406:406[main]DEBUGorg.apache.poi.openxml4j.opc.PackageRelationshipCollection-Parsing relationship: /xl/_rels/workbook.xml.rels
15:12:407:407[main]DEBUGorg.apache.poi.openxml4j.opc.PackageRelationshipCollection-Parsing relationship: /xl/worksheets/_rels/sheet1.xml.rels
15:12:407:407[main]DEBUGorg.apache.poi.openxml4j.opc.PackageRelationshipCollection-Parsing relationship: /_rels/.rels
15:12:446:446[main]DEBUGorg.apache.poi.openxml4j.opc.PackageRelationshipCollection-Parsing relationship: /xl/_rels/workbook.xml.rels
15:12:446:446[main]DEBUGorg.apache.poi.openxml4j.opc.PackageRelationshipCollection-Parsing relationship: /xl/worksheets/_rels/sheet1.xml.rels
15:12:454:454[main]DEBUGorg.apache.poi.openxml4j.opc.PackageRelationshipCollection-Parsing relationship: /_rels/.rels
15:12:491:491[main]DEBUGorg.apache.poi.openxml4j.opc.PackageRelationshipCollection-Parsing relationship: /xl/_rels/workbook.xml.rels
15:12:491:491[main]DEBUGorg.apache.poi.openxml4j.opc.PackageRelationshipCollection-Parsing relationship: /xl/worksheets/_rels/sheet1.xml.rels
15:12:493:493[main]DEBUGorg.apache.poi.openxml4j.opc.PackageRelationshipCollection-Parsing relationship: /_rels/.rels
15:12:530:530[main]DEBUGorg.apache.poi.openxml4j.opc.PackageRelationshipCollection-Parsing relationship: /xl/_rels/workbook.xml.rels
15:12:532:532[main]DEBUGorg.apache.poi.openxml4j.opc.PackageRelationshipCollection-Parsing relationship: /xl/worksheets/_rels/sheet1.xml.rels
15:12:533:533[main]DEBUGorg.apache.poi.openxml4j.opc.PackageRelationshipCollection-Parsing relationship: /_rels/.rels
15:12:572:572[main]INFO testCase.TC003_LoginDDT-*** Starting TC003_LoginDDT ***
15:12:284:284[main]INFO testCase.TC003_LoginDDT-**** Finished TC003_LoginDDT ****
15:12:284:284[main]INFO testCase.TC003_LoginDDT-*** Starting TC003_LoginDDT ***
15:12:591:591[main]INFO testCase.TC003_LoginDDT-*** Starting TC003_LoginDDT ***
15:12:869:869[main]INFO testCase.TC003_LoginDDT-*** Starting TC003_LoginDDT ***
15:12:748:748[main]DEBUGorg.apache.poi.openxml4j.opc.PackageRelationshipCollection-Parsing relationship: /xl/_rels/workbook.xml.rels
15:12:748:748[main]DEBUGorg.apache.poi.openxml4j.opc.PackageRelationshipCollection-Parsing relationship: /xl/worksheets/_rels/sheet1.xml.rels
15:12:748:748[main]DEBUGorg.apache.poi.openxml4j.opc.PackageRelationshipCollection-Parsing relationship: /_rels/.rels
15:12:524:524[main]DEBUGorg.apache.poi.openxml4j.opc.PackageRelationshipCollection-Parsing relationship: /xl/_rels/workbook.xml.rels
15:12:524:524[main]DEBUGorg.apache.poi.openxml4j.opc.PackageRelationshipCollection-Parsing relationship: /xl/worksheets/_rels/sheet1.xml.rels
15:12:524:524[main]DEBUGorg.apache.poi.openxml4j.opc.PackageRelationshipCollection-Parsing relationship: /_rels/.rels
15:12:607:607[main]DEBUGorg.apache.poi.openxml4j.opc.PackageRelationshipCollection-Parsing relationship: /xl/_rels/workbook.xml.rels
15:12:608:608[main]DEBUGorg.apache.poi.openxml4j.opc.PackageRelationshipCollection-Parsing relationship: /xl/worksheets/_rels/sheet1.xml.rels
15:12:608:608[main]DEBUGorg.apache.poi.openxml4j.opc.PackageRelationshipCollection-Parsing relationship: /_rels/.rels
15:12:675:675[main]DEBUGorg.apache.poi.openxml4j.opc.PackageRelationshipCollection-Parsing relationship: /xl/_rels/workbook.xml.rels
15:12:675:675[main]DEBUGorg.apache.poi.openxml4j.opc.PackageRelationshipCollection-Parsing relationship: /xl/worksheets/_rels/sheet1.xml.rels
15:12:691:691[main]DEBUGorg.apache.poi.openxml4j.opc.PackageRelationshipCollection-Parsing relationship: /_rels/.rels
15:12:744:744[main]DEBUGorg.apache.poi.openxml4j.opc.PackageRelationshipCollection-Parsing relationship: /xl/_rels/workbook.xml.rels
15:12:744:744[main]DEBUGorg.apache.poi.openxml4j.opc.PackageRelationshipCollection-Parsing relationship: /xl/worksheets/_rels/sheet1.xml.rels
15:12:744:744[main]DEBUGorg.apache.poi.openxml4j.opc.PackageRelationshipCollection-Parsing relationship: /_rels/.rels
15:12:790:790[main]DEBUGorg.apache.poi.openxml4j.opc.PackageRelationshipCollection-Parsing relationship: /xl/_rels/workbook.xml.rels
15:12:805:805[main]DEBUGorg.apache.poi.openxml4j.opc.PackageRelationshipCollection-Parsing relationship: /xl/worksheets/_rels/sheet1.xml.rels
15:12:807:807[main]DEBUGorg.apache.poi.openxml4j.opc.PackageRelationshipCollection-Parsing relationship: /_rels/.rels
15:12:842:842[main]DEBUGorg.apache.poi.openxml4j.opc.PackageRelationshipCollection-Parsing relationship: /xl/_rels/workbook.xml.rels
15:12:842:842[main]DEBUGorg.apache.poi.openxml4j.opc.PackageRelationshipCollection-Parsing relationship: /xl/worksheets/_rels/sheet1.xml.rels
15:12:852:852[main]DEBUGorg.apache.poi.openxml4j.opc.PackageRelationshipCollection-Parsing relationship: /_rels/.rels
15:12:886:886[main]DEBUGorg.apache.poi.openxml4j.opc.PackageRelationshipCollection-Parsing relationship: /xl/_rels/workbook.xml.rels
15:12:886:886[main]DEBUGorg.apache.poi.openxml4j.opc.PackageRelationshipCollection-Parsing relationship: /xl/worksheets/_rels/sheet1.xml.rels
15:12:901:901[main]DEBUGorg.apache.poi.openxml4j.opc.PackageRelationshipCollection-Parsing relationship: /_rels/.rels
15:12:943:943[main]DEBUGorg.apache.poi.openxml4j.opc.PackageRelationshipCollection-Parsing relationship: /xl/_rels/workbook.xml.rels
15:12:943:943[main]DEBUGorg.apache.poi.openxml4j.opc.PackageRelationshipCollection-Parsing relationship: /xl/worksheets/_rels/sheet1.xml.rels
15:12:943:943[main]DEBUGorg.apache.poi.openxml4j.opc.PackageRelationshipCollection-Parsing relationship: /_rels/.rels
15:12:988:988[main]DEBUGorg.apache.poi.openxml4j.opc.PackageRelationshipCollection-Parsing relationship: /xl/_rels/workbook.xml.rels
15:12:988:988[main]DEBUGorg.apache.poi.openxml4j.opc.PackageRelationshipCollection-Parsing relationship: /xl/worksheets/_rels/sheet1.xml.rels
15:12:988:988[main]DEBUGorg.apache.poi.openxml4j.opc.PackageRelationshipCollection-Parsing relationship: /_rels/.rels
15:12:28:028[main]DEBUGorg.apache.poi.openxml4j.opc.PackageRelationshipCollection-Parsing relationship: /xl/_rels/workbook.xml.rels
15:12:29:029[main]DEBUGorg.apache.poi.openxml4j.opc.PackageRelationshipCollection-Parsing relationship: /xl/worksheets/_rels/sheet1.xml.rels
15:12:29:029[main]DEBUGorg.apache.poi.openxml4j.opc.PackageRelationshipCollection-Parsing relationship: /_rels/.rels
15:12:74:074[main]DEBUGorg.apache.poi.openxml4j.opc.PackageRelationshipCollection-Parsing relationship: /xl/_rels/workbook.xml.rels
15:12:75:075[main]DEBUGorg.apache.poi.openxml4j.opc.PackageRelationshipCollection-Parsing relationship: /xl/worksheets/_rels/sheet1.xml.rels
15:12:77:077[main]DEBUGorg.apache.poi.openxml4j.opc.PackageRelationshipCollection-Parsing relationship: /_rels/.rels
15:12:116:116[main]DEBUGorg.apache.poi.openxml4j.opc.PackageRelationshipCollection-Parsing relationship: /xl/_rels/workbook.xml.rels
15:12:117:117[main]DEBUGorg.apache.poi.openxml4j.opc.PackageRelationshipCollection-Parsing relationship: /xl/worksheets/_rels/sheet1.xml.rels
15:12:117:117[main]DEBUGorg.apache.poi.openxml4j.opc.PackageRelationshipCollection-Parsing relationship: /_rels/.rels
15:12:154:154[main]DEBUGorg.apache.poi.openxml4j.opc.PackageRelationshipCollection-Parsing relationship: /xl/_rels/workbook.xml.rels
15:12:155:155[main]DEBUGorg.apache.poi.openxml4j.opc.PackageRelationshipCollection-Parsing relationship: /xl/worksheets/_rels/sheet1.xml.rels
15:12:155:155[main]DEBUGorg.apache.poi.openxml4j.opc.PackageRelationshipCollection-Parsing relationship: /_rels/.rels
15:12:207:207[main]INFO testCase.TC003_LoginDDT-*** Starting TC003_LoginDDT ***
15:12:660:660[main]INFO testCase.TC003_LoginDDT-**** Finished TC003_LoginDDT ****
15:12:669:669[main]INFO testCase.TC003_LoginDDT-*** Starting TC003_LoginDDT ***
15:12:219:219[main]INFO testCase.TC003_LoginDDT-**** Finished TC003_LoginDDT ****
15:12:236:236[main]INFO testCase.TC003_LoginDDT-*** Starting TC003_LoginDDT ***
15:12:908:908[main]INFO testCase.TC003_LoginDDT-**** Finished TC003_LoginDDT ****
15:12:908:908[main]INFO testCase.TC003_LoginDDT-*** Starting TC003_LoginDDT ***
15:12:763:763[main]DEBUGorg.apache.poi.openxml4j.opc.PackageRelationshipCollection-Parsing relationship: /xl/_rels/workbook.xml.rels
15:12:774:774[main]DEBUGorg.apache.poi.openxml4j.opc.PackageRelationshipCollection-Parsing relationship: /xl/worksheets/_rels/sheet1.xml.rels
15:12:777:777[main]DEBUGorg.apache.poi.openxml4j.opc.PackageRelationshipCollection-Parsing relationship: /_rels/.rels
15:12:552:552[main]DEBUGorg.apache.poi.openxml4j.opc.PackageRelationshipCollection-Parsing relationship: /xl/_rels/workbook.xml.rels
15:12:568:568[main]DEBUGorg.apache.poi.openxml4j.opc.PackageRelationshipCollection-Parsing relationship: /xl/worksheets/_rels/sheet1.xml.rels
15:12:568:568[main]DEBUGorg.apache.poi.openxml4j.opc.PackageRelationshipCollection-Parsing relationship: /_rels/.rels
15:12:633:633[main]DEBUGorg.apache.poi.openxml4j.opc.PackageRelationshipCollection-Parsing relationship: /xl/_rels/workbook.xml.rels
15:12:633:633[main]DEBUGorg.apache.poi.openxml4j.opc.PackageRelationshipCollection-Parsing relationship: /xl/worksheets/_rels/sheet1.xml.rels
15:12:649:649[main]DEBUGorg.apache.poi.openxml4j.opc.PackageRelationshipCollection-Parsing relationship: /_rels/.rels
15:12:718:718[main]DEBUGorg.apache.poi.openxml4j.opc.PackageRelationshipCollection-Parsing relationship: /xl/_rels/workbook.xml.rels
15:12:718:718[main]DEBUGorg.apache.poi.openxml4j.opc.PackageRelationshipCollection-Parsing relationship: /xl/worksheets/_rels/sheet1.xml.rels
15:12:718:718[main]DEBUGorg.apache.poi.openxml4j.opc.PackageRelationshipCollection-Parsing relationship: /_rels/.rels
15:12:769:769[main]DEBUGorg.apache.poi.openxml4j.opc.PackageRelationshipCollection-Parsing relationship: /xl/_rels/workbook.xml.rels
15:12:769:769[main]DEBUGorg.apache.poi.openxml4j.opc.PackageRelationshipCollection-Parsing relationship: /xl/worksheets/_rels/sheet1.xml.rels
15:12:786:786[main]DEBUGorg.apache.poi.openxml4j.opc.PackageRelationshipCollection-Parsing relationship: /_rels/.rels
15:12:837:837[main]DEBUGorg.apache.poi.openxml4j.opc.PackageRelationshipCollection-Parsing relationship: /xl/_rels/workbook.xml.rels
15:12:838:838[main]DEBUGorg.apache.poi.openxml4j.opc.PackageRelationshipCollection-Parsing relationship: /xl/worksheets/_rels/sheet1.xml.rels
15:12:840:840[main]DEBUGorg.apache.poi.openxml4j.opc.PackageRelationshipCollection-Parsing relationship: /_rels/.rels
15:12:876:876[main]DEBUGorg.apache.poi.openxml4j.opc.PackageRelationshipCollection-Parsing relationship: /xl/_rels/workbook.xml.rels
15:12:876:876[main]DEBUGorg.apache.poi.openxml4j.opc.PackageRelationshipCollection-Parsing relationship: /xl/worksheets/_rels/sheet1.xml.rels
15:12:892:892[main]DEBUGorg.apache.poi.openxml4j.opc.PackageRelationshipCollection-Parsing relationship: /_rels/.rels
15:12:939:939[main]DEBUGorg.apache.poi.openxml4j.opc.PackageRelationshipCollection-Parsing relationship: /xl/_rels/workbook.xml.rels
15:12:939:939[main]DEBUGorg.apache.poi.openxml4j.opc.PackageRelationshipCollection-Parsing relationship: /xl/worksheets/_rels/sheet1.xml.rels
15:12:939:939[main]DEBUGorg.apache.poi.openxml4j.opc.PackageRelationshipCollection-Parsing relationship: /_rels/.rels
15:12:995:995[main]DEBUGorg.apache.poi.openxml4j.opc.PackageRelationshipCollection-Parsing relationship: /xl/_rels/workbook.xml.rels
15:12:998:998[main]DEBUGorg.apache.poi.openxml4j.opc.PackageRelationshipCollection-Parsing relationship: /xl/worksheets/_rels/sheet1.xml.rels
15:12:02:002[main]DEBUGorg.apache.poi.openxml4j.opc.PackageRelationshipCollection-Parsing relationship: /_rels/.rels
15:12:41:041[main]DEBUGorg.apache.poi.openxml4j.opc.PackageRelationshipCollection-Parsing relationship: /xl/_rels/workbook.xml.rels
15:12:43:043[main]DEBUGorg.apache.poi.openxml4j.opc.PackageRelationshipCollection-Parsing relationship: /xl/worksheets/_rels/sheet1.xml.rels
15:12:44:044[main]DEBUGorg.apache.poi.openxml4j.opc.PackageRelationshipCollection-Parsing relationship: /_rels/.rels
15:12:88:088[main]DEBUGorg.apache.poi.openxml4j.opc.PackageRelationshipCollection-Parsing relationship: /xl/_rels/workbook.xml.rels
15:12:90:090[main]DEBUGorg.apache.poi.openxml4j.opc.PackageRelationshipCollection-Parsing relationship: /xl/worksheets/_rels/sheet1.xml.rels
15:12:91:091[main]DEBUGorg.apache.poi.openxml4j.opc.PackageRelationshipCollection-Parsing relationship: /_rels/.rels
15:12:132:132[main]DEBUGorg.apache.poi.openxml4j.opc.PackageRelationshipCollection-Parsing relationship: /xl/_rels/workbook.xml.rels
15:12:134:134[main]DEBUGorg.apache.poi.openxml4j.opc.PackageRelationshipCollection-Parsing relationship: /xl/worksheets/_rels/sheet1.xml.rels
15:12:137:137[main]DEBUGorg.apache.poi.openxml4j.opc.PackageRelationshipCollection-Parsing relationship: /_rels/.rels
15:12:170:170[main]DEBUGorg.apache.poi.openxml4j.opc.PackageRelationshipCollection-Parsing relationship: /xl/_rels/workbook.xml.rels
15:12:171:171[main]DEBUGorg.apache.poi.openxml4j.opc.PackageRelationshipCollection-Parsing relationship: /xl/worksheets/_rels/sheet1.xml.rels
15:12:173:173[main]DEBUGorg.apache.poi.openxml4j.opc.PackageRelationshipCollection-Parsing relationship: /_rels/.rels
15:12:203:203[main]DEBUGorg.apache.poi.openxml4j.opc.PackageRelationshipCollection-Parsing relationship: /xl/_rels/workbook.xml.rels
15:12:204:204[main]DEBUGorg.apache.poi.openxml4j.opc.PackageRelationshipCollection-Parsing relationship: /xl/worksheets/_rels/sheet1.xml.rels
15:12:206:206[main]DEBUGorg.apache.poi.openxml4j.opc.PackageRelationshipCollection-Parsing relationship: /_rels/.rels
15:12:247:247[main]INFO testCase.TC003_LoginDDT-*** Starting TC003_LoginDDT ***
15:12:449:449[main]INFO testCase.TC003_LoginDDT-**** Finished TC003_LoginDDT ****
15:12:453:453[main]INFO testCase.TC003_LoginDDT-*** Starting TC003_LoginDDT ***
15:12:901:901[main]INFO testCase.TC003_LoginDDT-**** Finished TC003_LoginDDT ****
15:12:901:901[main]INFO testCase.TC003_LoginDDT-*** Starting TC003_LoginDDT ***
15:12:397:397[main]INFO testCase.TC003_LoginDDT-**** Finished TC003_LoginDDT ****
15:12:402:402[main]INFO testCase.TC003_LoginDDT-*** Starting TC003_LoginDDT ***
15:12:917:917[main]INFO testCase.TC003_LoginDDT-**** Finished TC003_LoginDDT ****
08:12:943:943[main]INFO testCase.TC001_AccountRegistrationTest-**** starting TC001_AccountRegistrationTest ****
08:12:455:455[main]INFO testCase.TC001_AccountRegistrationTest-Clicked on Register Link
08:12:459:459[main]INFO testCase.TC001_AccountRegistrationTest-Providing Customer details.....
08:12:679:679[main]INFO testCase.TC001_AccountRegistrationTest-Validating expected message....
08:12:772:772[main]INFO testCase.TC001_AccountRegistrationTest-**** Finished TC001_AccountRegistrationTest ****
08:12:130:130[main]INFO testCase.TC002_LoginTest-**** starting TC002_LoginTest ****
08:12:402:402[main]INFO testCase.TC002_LoginTest-****Finished TC002_LoginTest***
12:12:570:570[main]INFO testCase.TC001_AccountRegistrationTest-**** starting TC001_AccountRegistrationTest ****
12:12:211:211[main]INFO testCase.TC001_AccountRegistrationTest-Clicked on Register Link
12:12:214:214[main]INFO testCase.TC001_AccountRegistrationTest-Providing Customer details.....
12:12:694:694[main]INFO testCase.TC001_AccountRegistrationTest-Validating expected message....
12:12:859:859[main]INFO testCase.TC001_AccountRegistrationTest-**** Finished TC001_AccountRegistrationTest ****
12:12:534:534[main]INFO testCase.TC002_LoginTest-**** starting TC002_LoginTest ****
12:12:931:931[main]INFO testCase.TC002_LoginTest-****Finished TC002_LoginTest***
12:12:974:974[main]INFO testCase.TC001_AccountRegistrationTest-**** starting TC001_AccountRegistrationTest ****
12:12:502:502[main]INFO testCase.TC001_AccountRegistrationTest-Clicked on Register Link
12:12:508:508[main]INFO testCase.TC001_AccountRegistrationTest-Providing Customer details.....
12:12:972:972[main]INFO testCase.TC001_AccountRegistrationTest-Validating expected message....
12:12:121:121[main]INFO testCase.TC001_AccountRegistrationTest-**** Finished TC001_AccountRegistrationTest ****
12:12:944:944[main]INFO testCase.TC002_LoginTest-**** starting TC002_LoginTest ****
12:12:511:511[main]INFO testCase.TC002_LoginTest-****Finished TC002_LoginTest***
21:12:116:116[main]INFO testCase.TC001_AccountRegistrationTest-**** starting TC001_AccountRegistrationTest ****
21:12:650:650[main]INFO testCase.TC001_AccountRegistrationTest-Clicked on Register Link
21:12:655:655[main]INFO testCase.TC001_AccountRegistrationTest-Providing Customer details.....
21:12:913:913[main]INFO testCase.TC001_AccountRegistrationTest-Validating expected message....
21:12:04:004[main]INFO testCase.TC001_AccountRegistrationTest-**** Finished TC001_AccountRegistrationTest ****
21:12:418:418[main]INFO testCase.TC002_LoginTest-**** starting TC002_LoginTest ****
21:12:736:736[main]INFO testCase.TC002_LoginTest-****Finished TC002_LoginTest***
21:12:946:946[main]INFO testCase.TC001_AccountRegistrationTest-**** starting TC001_AccountRegistrationTest ****
21:12:496:496[main]INFO testCase.TC001_AccountRegistrationTest-Clicked on Register Link
21:12:499:499[main]INFO testCase.TC001_AccountRegistrationTest-Providing Customer details.....
21:12:02:002[main]INFO testCase.TC001_AccountRegistrationTest-Validating expected message....
21:12:122:122[main]INFO testCase.TC001_AccountRegistrationTest-**** Finished TC001_AccountRegistrationTest ****
21:12:835:835[main]INFO testCase.TC002_LoginTest-**** starting TC002_LoginTest ****
21:12:427:427[main]INFO testCase.TC002_LoginTest-****Finished TC002_LoginTest***
21:12:316:316[main]INFO testCase.TC001_AccountRegistrationTest-**** starting TC001_AccountRegistrationTest ****
21:12:943:943[main]INFO testCase.TC001_AccountRegistrationTest-Clicked on Register Link
21:12:947:947[main]INFO testCase.TC001_AccountRegistrationTest-Providing Customer details.....
21:12:437:437[main]INFO testCase.TC001_AccountRegistrationTest-Validating expected message....
21:12:543:543[main]INFO testCase.TC001_AccountRegistrationTest-**** Finished TC001_AccountRegistrationTest ****
21:12:336:336[main]INFO testCase.TC002_LoginTest-**** starting TC002_LoginTest ****
21:12:764:764[main]INFO testCase.TC002_LoginTest-****Finished TC002_LoginTest***
21:12:219:219[main]DEBUGorg.apache.poi.openxml4j.opc.PackageRelationshipCollection-Parsing relationship: /xl/_rels/workbook.xml.rels
21:12:222:222[main]DEBUGorg.apache.poi.openxml4j.opc.PackageRelationshipCollection-Parsing relationship: /xl/worksheets/_rels/sheet1.xml.rels
21:12:222:222[main]DEBUGorg.apache.poi.openxml4j.opc.PackageRelationshipCollection-Parsing relationship: /_rels/.rels
21:12:95:095[main]DEBUGorg.apache.poi.openxml4j.opc.PackageRelationshipCollection-Parsing relationship: /xl/_rels/workbook.xml.rels
21:12:110:110[main]DEBUGorg.apache.poi.openxml4j.opc.PackageRelationshipCollection-Parsing relationship: /xl/worksheets/_rels/sheet1.xml.rels
21:12:111:111[main]DEBUGorg.apache.poi.openxml4j.opc.PackageRelationshipCollection-Parsing relationship: /_rels/.rels
21:12:175:175[main]DEBUGorg.apache.poi.openxml4j.opc.PackageRelationshipCollection-Parsing relationship: /xl/_rels/workbook.xml.rels
21:12:176:176[main]DEBUGorg.apache.poi.openxml4j.opc.PackageRelationshipCollection-Parsing relationship: /xl/worksheets/_rels/sheet1.xml.rels
21:12:176:176[main]DEBUGorg.apache.poi.openxml4j.opc.PackageRelationshipCollection-Parsing relationship: /_rels/.rels
21:12:258:258[main]DEBUGorg.apache.poi.openxml4j.opc.PackageRelationshipCollection-Parsing relationship: /xl/_rels/workbook.xml.rels
21:12:258:258[main]DEBUGorg.apache.poi.openxml4j.opc.PackageRelationshipCollection-Parsing relationship: /xl/worksheets/_rels/sheet1.xml.rels
21:12:258:258[main]DEBUGorg.apache.poi.openxml4j.opc.PackageRelationshipCollection-Parsing relationship: /_rels/.rels
21:12:318:318[main]DEBUGorg.apache.poi.openxml4j.opc.PackageRelationshipCollection-Parsing relationship: /xl/_rels/workbook.xml.rels
21:12:319:319[main]DEBUGorg.apache.poi.openxml4j.opc.PackageRelationshipCollection-Parsing relationship: /xl/worksheets/_rels/sheet1.xml.rels
21:12:319:319[main]DEBUGorg.apache.poi.openxml4j.opc.PackageRelationshipCollection-Parsing relationship: /_rels/.rels
21:12:366:366[main]DEBUGorg.apache.poi.openxml4j.opc.PackageRelationshipCollection-Parsing relationship: /xl/_rels/workbook.xml.rels
21:12:367:367[main]DEBUGorg.apache.poi.openxml4j.opc.PackageRelationshipCollection-Parsing relationship: /xl/worksheets/_rels/sheet1.xml.rels
21:12:368:368[main]DEBUGorg.apache.poi.openxml4j.opc.PackageRelationshipCollection-Parsing relationship: /_rels/.rels
21:12:409:409[main]DEBUGorg.apache.poi.openxml4j.opc.PackageRelationshipCollection-Parsing relationship: /xl/_rels/workbook.xml.rels
21:12:409:409[main]DEBUGorg.apache.poi.openxml4j.opc.PackageRelationshipCollection-Parsing relationship: /xl/worksheets/_rels/sheet1.xml.rels
21:12:417:417[main]DEBUGorg.apache.poi.openxml4j.opc.PackageRelationshipCollection-Parsing relationship: /_rels/.rels
21:12:464:464[main]DEBUGorg.apache.poi.openxml4j.opc.PackageRelationshipCollection-Parsing relationship: /xl/_rels/workbook.xml.rels
21:12:467:467[main]DEBUGorg.apache.poi.openxml4j.opc.PackageRelationshipCollection-Parsing relationship: /xl/worksheets/_rels/sheet1.xml.rels
21:12:469:469[main]DEBUGorg.apache.poi.openxml4j.opc.PackageRelationshipCollection-Parsing relationship: /_rels/.rels
21:12:508:508[main]DEBUGorg.apache.poi.openxml4j.opc.PackageRelationshipCollection-Parsing relationship: /xl/_rels/workbook.xml.rels
21:12:508:508[main]DEBUGorg.apache.poi.openxml4j.opc.PackageRelationshipCollection-Parsing relationship: /xl/worksheets/_rels/sheet1.xml.rels
21:12:508:508[main]DEBUGorg.apache.poi.openxml4j.opc.PackageRelationshipCollection-Parsing relationship: /_rels/.rels
21:12:548:548[main]DEBUGorg.apache.poi.openxml4j.opc.PackageRelationshipCollection-Parsing relationship: /xl/_rels/workbook.xml.rels
21:12:549:549[main]DEBUGorg.apache.poi.openxml4j.opc.PackageRelationshipCollection-Parsing relationship: /xl/worksheets/_rels/sheet1.xml.rels
21:12:551:551[main]DEBUGorg.apache.poi.openxml4j.opc.PackageRelationshipCollection-Parsing relationship: /_rels/.rels
21:12:584:584[main]DEBUGorg.apache.poi.openxml4j.opc.PackageRelationshipCollection-Parsing relationship: /xl/_rels/workbook.xml.rels
21:12:585:585[main]DEBUGorg.apache.poi.openxml4j.opc.PackageRelationshipCollection-Parsing relationship: /xl/worksheets/_rels/sheet1.xml.rels
21:12:588:588[main]DEBUGorg.apache.poi.openxml4j.opc.PackageRelationshipCollection-Parsing relationship: /_rels/.rels
21:12:633:633[main]DEBUGorg.apache.poi.openxml4j.opc.PackageRelationshipCollection-Parsing relationship: /xl/_rels/workbook.xml.rels
21:12:634:634[main]DEBUGorg.apache.poi.openxml4j.opc.PackageRelationshipCollection-Parsing relationship: /xl/worksheets/_rels/sheet1.xml.rels
21:12:636:636[main]DEBUGorg.apache.poi.openxml4j.opc.PackageRelationshipCollection-Parsing relationship: /_rels/.rels
21:12:681:681[main]DEBUGorg.apache.poi.openxml4j.opc.PackageRelationshipCollection-Parsing relationship: /xl/_rels/workbook.xml.rels
21:12:683:683[main]DEBUGorg.apache.poi.openxml4j.opc.PackageRelationshipCollection-Parsing relationship: /xl/worksheets/_rels/sheet1.xml.rels
21:12:684:684[main]DEBUGorg.apache.poi.openxml4j.opc.PackageRelationshipCollection-Parsing relationship: /_rels/.rels
21:12:707:707[main]DEBUGorg.apache.poi.openxml4j.opc.PackageRelationshipCollection-Parsing relationship: /xl/_rels/workbook.xml.rels
21:12:707:707[main]DEBUGorg.apache.poi.openxml4j.opc.PackageRelationshipCollection-Parsing relationship: /xl/worksheets/_rels/sheet1.xml.rels
21:12:720:720[main]DEBUGorg.apache.poi.openxml4j.opc.PackageRelationshipCollection-Parsing relationship: /_rels/.rels
21:12:762:762[main]INFO testCase.TC003_LoginDDT-*** Starting TC003_LoginDDT ***
21:12:144:144[main]INFO testCase.TC003_LoginDDT-**** Finished TC003_LoginDDT ****
21:12:153:153[main]INFO testCase.TC003_LoginDDT-*** Starting TC003_LoginDDT ***
21:12:873:873[main]INFO testCase.TC003_LoginDDT-**** Finished TC003_LoginDDT ****
21:12:873:873[main]INFO testCase.TC003_LoginDDT-*** Starting TC003_LoginDDT ***
21:12:922:922[main]INFO testCase.TC003_LoginDDT-**** Finished TC003_LoginDDT ****
21:12:932:932[main]INFO testCase.TC003_LoginDDT-*** Starting TC003_LoginDDT ***
21:12:819:819[TestNG-tests-1]INFO testCase.TC001_AccountRegistrationTest-**** starting TC001_AccountRegistrationTest ****
21:12:372:372[TestNG-tests-1]INFO testCase.TC001_AccountRegistrationTest-Clicked on Register Link
21:12:380:380[TestNG-tests-1]INFO testCase.TC001_AccountRegistrationTest-Providing Customer details.....
21:12:90:090[TestNG-tests-1]INFO testCase.TC001_AccountRegistrationTest-Validating expected message....
21:12:197:197[TestNG-tests-1]INFO testCase.TC001_AccountRegistrationTest-**** Finished TC001_AccountRegistrationTest ****
21:12:86:086[TestNG-tests-2]INFO testCase.TC001_AccountRegistrationTest-**** starting TC001_AccountRegistrationTest ****
21:12:617:617[TestNG-tests-2]INFO testCase.TC001_AccountRegistrationTest-Clicked on Register Link
21:12:618:618[TestNG-tests-2]INFO testCase.TC001_AccountRegistrationTest-Providing Customer details.....
21:12:234:234[TestNG-tests-2]INFO testCase.TC001_AccountRegistrationTest-Validating expected message....
21:12:343:343[TestNG-tests-2]INFO testCase.TC001_AccountRegistrationTest-**** Finished TC001_AccountRegistrationTest ****
21:12:388:388[main]DEBUGorg.apache.poi.openxml4j.opc.PackageRelationshipCollection-Parsing relationship: /xl/_rels/workbook.xml.rels
21:12:400:400[main]DEBUGorg.apache.poi.openxml4j.opc.PackageRelationshipCollection-Parsing relationship: /xl/worksheets/_rels/sheet1.xml.rels
21:12:402:402[main]DEBUGorg.apache.poi.openxml4j.opc.PackageRelationshipCollection-Parsing relationship: /_rels/.rels
21:12:133:133[main]DEBUGorg.apache.poi.openxml4j.opc.PackageRelationshipCollection-Parsing relationship: /xl/_rels/workbook.xml.rels
21:12:133:133[main]DEBUGorg.apache.poi.openxml4j.opc.PackageRelationshipCollection-Parsing relationship: /xl/worksheets/_rels/sheet1.xml.rels
21:12:133:133[main]DEBUGorg.apache.poi.openxml4j.opc.PackageRelationshipCollection-Parsing relationship: /_rels/.rels
21:12:198:198[main]DEBUGorg.apache.poi.openxml4j.opc.PackageRelationshipCollection-Parsing relationship: /xl/_rels/workbook.xml.rels
21:12:213:213[main]DEBUGorg.apache.poi.openxml4j.opc.PackageRelationshipCollection-Parsing relationship: /xl/worksheets/_rels/sheet1.xml.rels
21:12:213:213[main]DEBUGorg.apache.poi.openxml4j.opc.PackageRelationshipCollection-Parsing relationship: /_rels/.rels
21:12:295:295[main]DEBUGorg.apache.poi.openxml4j.opc.PackageRelationshipCollection-Parsing relationship: /xl/_rels/workbook.xml.rels
21:12:295:295[main]DEBUGorg.apache.poi.openxml4j.opc.PackageRelationshipCollection-Parsing relationship: /xl/worksheets/_rels/sheet1.xml.rels
21:12:295:295[main]DEBUGorg.apache.poi.openxml4j.opc.PackageRelationshipCollection-Parsing relationship: /_rels/.rels
21:12:344:344[main]DEBUGorg.apache.poi.openxml4j.opc.PackageRelationshipCollection-Parsing relationship: /xl/_rels/workbook.xml.rels
21:12:344:344[main]DEBUGorg.apache.poi.openxml4j.opc.PackageRelationshipCollection-Parsing relationship: /xl/worksheets/_rels/sheet1.xml.rels
21:12:360:360[main]DEBUGorg.apache.poi.openxml4j.opc.PackageRelationshipCollection-Parsing relationship: /_rels/.rels
21:12:397:397[main]DEBUGorg.apache.poi.openxml4j.opc.PackageRelationshipCollection-Parsing relationship: /xl/_rels/workbook.xml.rels
21:12:397:397[main]DEBUGorg.apache.poi.openxml4j.opc.PackageRelationshipCollection-Parsing relationship: /xl/worksheets/_rels/sheet1.xml.rels
21:12:397:397[main]DEBUGorg.apache.poi.openxml4j.opc.PackageRelationshipCollection-Parsing relationship: /_rels/.rels
21:12:447:447[main]DEBUGorg.apache.poi.openxml4j.opc.PackageRelationshipCollection-Parsing relationship: /xl/_rels/workbook.xml.rels
21:12:447:447[main]DEBUGorg.apache.poi.openxml4j.opc.PackageRelationshipCollection-Parsing relationship: /xl/worksheets/_rels/sheet1.xml.rels
21:12:447:447[main]DEBUGorg.apache.poi.openxml4j.opc.PackageRelationshipCollection-Parsing relationship: /_rels/.rels
21:12:512:512[main]DEBUGorg.apache.poi.openxml4j.opc.PackageRelationshipCollection-Parsing relationship: /xl/_rels/workbook.xml.rels
21:12:512:512[main]DEBUGorg.apache.poi.openxml4j.opc.PackageRelationshipCollection-Parsing relationship: /xl/worksheets/_rels/sheet1.xml.rels
21:12:512:512[main]DEBUGorg.apache.poi.openxml4j.opc.PackageRelationshipCollection-Parsing relationship: /_rels/.rels
21:12:563:563[main]DEBUGorg.apache.poi.openxml4j.opc.PackageRelationshipCollection-Parsing relationship: /xl/_rels/workbook.xml.rels
21:12:563:563[main]DEBUGorg.apache.poi.openxml4j.opc.PackageRelationshipCollection-Parsing relationship: /xl/worksheets/_rels/sheet1.xml.rels
21:12:563:563[main]DEBUGorg.apache.poi.openxml4j.opc.PackageRelationshipCollection-Parsing relationship: /_rels/.rels
21:12:611:611[main]DEBUGorg.apache.poi.openxml4j.opc.PackageRelationshipCollection-Parsing relationship: /xl/_rels/workbook.xml.rels
21:12:611:611[main]DEBUGorg.apache.poi.openxml4j.opc.PackageRelationshipCollection-Parsing relationship: /xl/worksheets/_rels/sheet1.xml.rels
21:12:611:611[main]DEBUGorg.apache.poi.openxml4j.opc.PackageRelationshipCollection-Parsing relationship: /_rels/.rels
21:12:658:658[main]DEBUGorg.apache.poi.openxml4j.opc.PackageRelationshipCollection-Parsing relationship: /xl/_rels/workbook.xml.rels
21:12:665:665[main]DEBUGorg.apache.poi.openxml4j.opc.PackageRelationshipCollection-Parsing relationship: /xl/worksheets/_rels/sheet1.xml.rels
21:12:666:666[main]DEBUGorg.apache.poi.openxml4j.opc.PackageRelationshipCollection-Parsing relationship: /_rels/.rels
21:12:706:706[main]DEBUGorg.apache.poi.openxml4j.opc.PackageRelationshipCollection-Parsing relationship: /xl/_rels/workbook.xml.rels
21:12:708:708[main]DEBUGorg.apache.poi.openxml4j.opc.PackageRelationshipCollection-Parsing relationship: /xl/worksheets/_rels/sheet1.xml.rels
21:12:709:709[main]DEBUGorg.apache.poi.openxml4j.opc.PackageRelationshipCollection-Parsing relationship: /_rels/.rels
21:12:746:746[main]DEBUGorg.apache.poi.openxml4j.opc.PackageRelationshipCollection-Parsing relationship: /xl/_rels/workbook.xml.rels
21:12:748:748[main]DEBUGorg.apache.poi.openxml4j.opc.PackageRelationshipCollection-Parsing relationship: /xl/worksheets/_rels/sheet1.xml.rels
21:12:749:749[main]DEBUGorg.apache.poi.openxml4j.opc.PackageRelationshipCollection-Parsing relationship: /_rels/.rels
21:12:783:783[main]DEBUGorg.apache.poi.openxml4j.opc.PackageRelationshipCollection-Parsing relationship: /xl/_rels/workbook.xml.rels
21:12:786:786[main]DEBUGorg.apache.poi.openxml4j.opc.PackageRelationshipCollection-Parsing relationship: /xl/worksheets/_rels/sheet1.xml.rels
21:12:788:788[main]DEBUGorg.apache.poi.openxml4j.opc.PackageRelationshipCollection-Parsing relationship: /_rels/.rels
21:12:831:831[main]INFO testCase.TC003_LoginDDT-*** Starting TC003_LoginDDT ***
21:12:964:964[main]INFO testCase.TC003_LoginDDT-**** Finished TC003_LoginDDT ****
21:12:979:979[main]INFO testCase.TC003_LoginDDT-*** Starting TC003_LoginDDT ***
21:12:744:744[main]INFO testCase.TC003_LoginDDT-**** Finished TC003_LoginDDT ****
21:12:761:761[main]INFO testCase.TC003_LoginDDT-*** Starting TC003_LoginDDT ***
21:12:522:522[main]INFO testCase.TC003_LoginDDT-**** Finished TC003_LoginDDT ****
21:12:522:522[main]INFO testCase.TC003_LoginDDT-*** Starting TC003_LoginDDT ***
21:12:973:973[main]INFO testCase.TC003_LoginDDT-**** Finished TC003_LoginDDT ****
21:12:154:154[main]INFO testCase.TC001_AccountRegistrationTest-**** starting TC001_AccountRegistrationTest ****
21:12:713:713[main]INFO testCase.TC001_AccountRegistrationTest-Clicked on Register Link
21:12:717:717[main]INFO testCase.TC001_AccountRegistrationTest-Providing Customer details.....
21:12:173:173[main]INFO testCase.TC001_AccountRegistrationTest-Validating expected message....
21:12:284:284[main]INFO testCase.TC001_AccountRegistrationTest-**** Finished TC001_AccountRegistrationTest ****
21:12:868:868[main]INFO testCase.TC002_LoginTest-**** starting TC002_LoginTest ****
21:12:334:334[main]INFO testCase.TC002_LoginTest-****Finished TC002_LoginTest***
22:12:638:638[TestNG-tests-1]INFO testCase.TC001_AccountRegistrationTest-**** starting TC001_AccountRegistrationTest ****
22:12:638:638[TestNG-tests-2]INFO testCase.TC001_AccountRegistrationTest-**** starting TC001_AccountRegistrationTest ****
22:12:382:382[TestNG-tests-1]INFO testCase.TC001_AccountRegistrationTest-Clicked on Register Link
22:12:388:388[TestNG-tests-1]INFO testCase.TC001_AccountRegistrationTest-Providing Customer details.....
22:12:436:436[TestNG-tests-2]INFO testCase.TC001_AccountRegistrationTest-Clicked on Register Link
22:12:438:438[TestNG-tests-2]INFO testCase.TC001_AccountRegistrationTest-Providing Customer details.....
22:12:272:272[TestNG-tests-1]INFO testCase.TC001_AccountRegistrationTest-Validating expected message....
22:12:347:347[TestNG-tests-2]INFO testCase.TC001_AccountRegistrationTest-Validating expected message....
22:12:426:426[TestNG-tests-1]INFO testCase.TC001_AccountRegistrationTest-**** Finished TC001_AccountRegistrationTest ****
22:12:435:435[TestNG-tests-2]INFO testCase.TC001_AccountRegistrationTest-**** Finished TC001_AccountRegistrationTest ****
22:12:665:665[main]INFO testCase.TC001_AccountRegistrationTest-**** starting TC001_AccountRegistrationTest ****
22:12:668:668[main]INFO testCase.TC001_AccountRegistrationTest-Clicked on Register Link
22:12:676:676[main]INFO testCase.TC001_AccountRegistrationTest-Providing Customer details.....
22:12:727:727[main]INFO testCase.TC001_AccountRegistrationTest-Validating expected message....
22:12:831:831[main]INFO testCase.TC001_AccountRegistrationTest-**** Finished TC001_AccountRegistrationTest ****
22:12:436:436[main]INFO testCase.TC002_LoginTest-**** starting TC002_LoginTest ****
22:12:826:826[main]INFO testCase.TC002_LoginTest-****Finished TC002_LoginTest***
22:12:528:528[main]DEBUGorg.apache.poi.openxml4j.opc.PackageRelationshipCollection-Parsing relationship: /xl/_rels/workbook.xml.rels
22:12:542:542[main]DEBUGorg.apache.poi.openxml4j.opc.PackageRelationshipCollection-Parsing relationship: /xl/worksheets/_rels/sheet1.xml.rels
22:12:548:548[main]DEBUGorg.apache.poi.openxml4j.opc.PackageRelationshipCollection-Parsing relationship: /_rels/.rels
